This file contains any messages produced by compilers while
running configure, to aid debugging if configure makes a mistake.

It was created by GeographicLib configure 2.4, which was
generated by GNU Autoconf 2.71.  Invocation command line was

  $ ../configure

## --------- ##
## Platform. ##
## --------- ##

hostname = ztl
uname -m = aarch64
uname -r = 5.10.110
uname -s = Linux
uname -v = #311 SMP Sat Nov 11 16:19:52 CST 2023

/usr/bin/uname -p = aarch64
/bin/uname -X     = unknown

/bin/arch              = aarch64
/usr/bin/arch -k       = unknown
/usr/convex/getsysinfo = unknown
/usr/bin/hostinfo      = unknown
/bin/machine           = unknown
/usr/bin/oslevel       = unknown
/bin/universe          = unknown

PATH: /usr/local/sbin/
PATH: /usr/local/bin/
PATH: /usr/sbin/
PATH: /usr/bin/
PATH: /sbin/
PATH: /bin/
PATH: /usr/games/
PATH: /usr/local/games/
PATH: /snap/bin/


## ----------- ##
## Core tests. ##
## ----------- ##

configure:2827: looking for aux files: ltmain.sh compile missing install-sh config.guess config.sub
configure:2840:  trying ../
configure:2869:   ../ltmain.sh found
configure:2869:   ../compile found
configure:2869:   ../missing found
configure:2851:   ../install-sh found
configure:2869:   ../config.guess found
configure:2869:   ../config.sub found
configure:2987: checking build system type
configure:3002: result: aarch64-unknown-linux-gnu
configure:3022: checking host system type
configure:3036: result: aarch64-unknown-linux-gnu
configure:3056: checking target system type
configure:3070: result: aarch64-unknown-linux-gnu
configure:3116: checking for a BSD-compatible install
configure:3189: result: /usr/bin/install -c
configure:3200: checking whether build environment is sane
configure:3255: result: yes
configure:3412: checking for a race-free mkdir -p
configure:3456: result: /usr/bin/mkdir -p
configure:3463: checking for gawk
configure:3498: result: no
configure:3463: checking for mawk
configure:3484: found /usr/bin/mawk
configure:3495: result: mawk
configure:3506: checking whether make sets $(MAKE)
configure:3529: result: yes
configure:3559: checking whether make supports nested variables
configure:3577: result: yes
configure:3731: checking whether to enable maintainer-specific portions of Makefiles
configure:3741: result: no
configure:3779: checking whether make supports the include directive
configure:3794: make -f confmf.GNU && cat confinc.out
this is the am__doit target
configure:3797: $? = 0
configure:3816: result: yes (GNU style)
configure:3892: checking for gcc
configure:3913: found /usr/bin/gcc
configure:3924: result: gcc
configure:4277: checking for C compiler version
configure:4286: gcc --version >&5
gcc (Ubuntu 9.4.0-1ubuntu1~20.04.1) 9.4.0
Copyright (C) 2019 Free Software Foundation, Inc.
This is free software; see the source for copying conditions.  There is NO
warranty; not even for MERCHANTABILITY or FITNESS FOR A PARTICULAR PURPOSE.

configure:4297: $? = 0
configure:4286: gcc -v >&5
Using built-in specs.
COLLECT_GCC=gcc
COLLECT_LTO_WRAPPER=/usr/lib/gcc/aarch64-linux-gnu/9/lto-wrapper
Target: aarch64-linux-gnu
Configured with: ../src/configure -v --with-pkgversion='Ubuntu 9.4.0-1ubuntu1~20.04.1' --with-bugurl=file:///usr/share/doc/gcc-9/README.Bugs --enable-languages=c,ada,c++,go,d,fortran,objc,obj-c++,gm2 --prefix=/usr --with-gcc-major-version-only --program-suffix=-9 --program-prefix=aarch64-linux-gnu- --enable-shared --enable-linker-build-id --libexecdir=/usr/lib --without-included-gettext --enable-threads=posix --libdir=/usr/lib --enable-nls --enable-clocale=gnu --enable-libstdcxx-debug --enable-libstdcxx-time=yes --with-default-libstdcxx-abi=new --enable-gnu-unique-object --disable-libquadmath --disable-libquadmath-support --enable-plugin --enable-default-pie --with-system-zlib --with-target-system-zlib=auto --enable-objc-gc=auto --enable-multiarch --enable-fix-cortex-a53-843419 --disable-werror --enable-checking=release --build=aarch64-linux-gnu --host=aarch64-linux-gnu --target=aarch64-linux-gnu
Thread model: posix
gcc version 9.4.0 (Ubuntu 9.4.0-1ubuntu1~20.04.1) 
configure:4297: $? = 0
configure:4286: gcc -V >&5
gcc: error: unrecognized command line option '-V'
gcc: fatal error: no input files
compilation terminated.
configure:4297: $? = 1
configure:4286: gcc -qversion >&5
gcc: error: unrecognized command line option '-qversion'; did you mean '--version'?
gcc: fatal error: no input files
compilation terminated.
configure:4297: $? = 1
configure:4286: gcc -version >&5
gcc: error: unrecognized command line option '-version'
gcc: fatal error: no input files
compilation terminated.
configure:4297: $? = 1
configure:4317: checking whether the C compiler works
configure:4339: gcc    conftest.c  >&5
configure:4343: $? = 0
configure:4393: result: yes
configure:4396: checking for C compiler default output file name
configure:4398: result: a.out
configure:4404: checking for suffix of executables
configure:4411: gcc -o conftest    conftest.c  >&5
configure:4415: $? = 0
configure:4438: result: 
configure:4460: checking whether we are cross compiling
configure:4468: gcc -o conftest    conftest.c  >&5
configure:4472: $? = 0
configure:4479: ./conftest
configure:4483: $? = 0
configure:4471: result: no
configure:4476: checking for suffix of object files
configure:4499: gcc -c   conftest.c >&5
configure:4503: $? = 0
configure:4525: result: o
configure:4529: checking whether the compiler supports GNU C
configure:4549: gcc -c   conftest.c >&5
configure:4549: $? = 0
configure:4559: result: yes
configure:4570: checking whether gcc accepts -g
configure:4591: gcc -c -g  conftest.c >&5
configure:4591: $? = 0
configure:4635: result: yes
configure:4655: checking for gcc option to enable C11 features
configure:4670: gcc  -c -g -O2  conftest.c >&5
configure:4670: $? = 0
configure:4688: result: none needed
configure:4804: checking whether gcc understands -c and -o together
configure:4827: gcc -c conftest.c -o conftest2.o
configure:4830: $? = 0
configure:4827: gcc -c conftest.c -o conftest2.o
configure:4830: $? = 0
configure:4842: result: yes
configure:4861: checking dependency style of gcc
configure:4973: result: gcc3
configure:4993: checking how to run the C preprocessor
configure:5019: gcc -E  conftest.c
configure:5019: $? = 0
configure:5034: gcc -E  conftest.c
conftest.c:14:10: fatal error: ac_nonexistent.h: No such file or directory
   14 | #include <ac_nonexistent.h>
      |          ^~~~~~~~~~~~~~~~~~
compilation terminated.
configure:5034: $? = 1
configure: failed program was:
| /* confdefs.h */
| #define PACKAGE_NAME "GeographicLib"
| #define PACKAGE_TARNAME "geographiclib"
| #define PACKAGE_VERSION "2.4"
| #define PACKAGE_STRING "GeographicLib 2.4"
| #define PACKAGE_BUGREPORT "karney@alum.mit.edu"
| #define PACKAGE_URL ""
| #define PACKAGE "geographiclib"
| #define VERSION "2.4"
| #define GEOGRAPHICLIB_VERSION_MAJOR 2
| #define GEOGRAPHICLIB_VERSION_MINOR 4
| #define GEOGRAPHICLIB_VERSION_PATCH 0
| /* end confdefs.h.  */
| #include <ac_nonexistent.h>
configure:5061: result: gcc -E
configure:5075: gcc -E  conftest.c
configure:5075: $? = 0
configure:5090: gcc -E  conftest.c
conftest.c:14:10: fatal error: ac_nonexistent.h: No such file or directory
   14 | #include <ac_nonexistent.h>
      |          ^~~~~~~~~~~~~~~~~~
compilation terminated.
configure:5090: $? = 1
configure: failed program was:
| /* confdefs.h */
| #define PACKAGE_NAME "GeographicLib"
| #define PACKAGE_TARNAME "geographiclib"
| #define PACKAGE_VERSION "2.4"
| #define PACKAGE_STRING "GeographicLib 2.4"
| #define PACKAGE_BUGREPORT "karney@alum.mit.edu"
| #define PACKAGE_URL ""
| #define PACKAGE "geographiclib"
| #define VERSION "2.4"
| #define GEOGRAPHICLIB_VERSION_MAJOR 2
| #define GEOGRAPHICLIB_VERSION_MINOR 4
| #define GEOGRAPHICLIB_VERSION_PATCH 0
| /* end confdefs.h.  */
| #include <ac_nonexistent.h>
configure:5120: checking whether make sets $(MAKE)
configure:5143: result: yes
configure:5222: checking for g++
configure:5243: found /usr/bin/g++
configure:5254: result: g++
configure:5281: checking for C++ compiler version
configure:5290: g++ --version >&5
g++ (Ubuntu 9.4.0-1ubuntu1~20.04.1) 9.4.0
Copyright (C) 2019 Free Software Foundation, Inc.
This is free software; see the source for copying conditions.  There is NO
warranty; not even for MERCHANTABILITY or FITNESS FOR A PARTICULAR PURPOSE.

configure:5301: $? = 0
configure:5290: g++ -v >&5
Using built-in specs.
COLLECT_GCC=g++
COLLECT_LTO_WRAPPER=/usr/lib/gcc/aarch64-linux-gnu/9/lto-wrapper
Target: aarch64-linux-gnu
Configured with: ../src/configure -v --with-pkgversion='Ubuntu 9.4.0-1ubuntu1~20.04.1' --with-bugurl=file:///usr/share/doc/gcc-9/README.Bugs --enable-languages=c,ada,c++,go,d,fortran,objc,obj-c++,gm2 --prefix=/usr --with-gcc-major-version-only --program-suffix=-9 --program-prefix=aarch64-linux-gnu- --enable-shared --enable-linker-build-id --libexecdir=/usr/lib --without-included-gettext --enable-threads=posix --libdir=/usr/lib --enable-nls --enable-clocale=gnu --enable-libstdcxx-debug --enable-libstdcxx-time=yes --with-default-libstdcxx-abi=new --enable-gnu-unique-object --disable-libquadmath --disable-libquadmath-support --enable-plugin --enable-default-pie --with-system-zlib --with-target-system-zlib=auto --enable-objc-gc=auto --enable-multiarch --enable-fix-cortex-a53-843419 --disable-werror --enable-checking=release --build=aarch64-linux-gnu --host=aarch64-linux-gnu --target=aarch64-linux-gnu
Thread model: posix
gcc version 9.4.0 (Ubuntu 9.4.0-1ubuntu1~20.04.1) 
configure:5301: $? = 0
configure:5290: g++ -V >&5
g++: error: unrecognized command line option '-V'
g++: fatal error: no input files
compilation terminated.
configure:5301: $? = 1
configure:5290: g++ -qversion >&5
g++: error: unrecognized command line option '-qversion'; did you mean '--version'?
g++: fatal error: no input files
compilation terminated.
configure:5301: $? = 1
configure:5305: checking whether the compiler supports GNU C++
configure:5325: g++ -c   conftest.cpp >&5
configure:5325: $? = 0
configure:5335: result: yes
configure:5346: checking whether g++ accepts -g
configure:5367: g++ -c -g  conftest.cpp >&5
configure:5367: $? = 0
configure:5411: result: yes
configure:5431: checking for g++ option to enable C++11 features
configure:5446: g++  -c -g -O2  conftest.cpp >&5
configure:5446: $? = 0
configure:5464: result: none needed
configure:5530: checking dependency style of g++
configure:5642: result: gcc3
configure:5679: checking whether g++ supports C++11 features with -std=c++11
configure:5982: g++ -std=c++11 -c -g -O2  conftest.cpp >&5
configure:5982: $? = 0
configure:5992: result: yes
configure:6078: checking how to print strings
configure:6105: result: printf
configure:6126: checking for a sed that does not truncate output
configure:6196: result: /usr/bin/sed
configure:6214: checking for grep that handles long lines and -e
configure:6278: result: /usr/bin/grep
configure:6283: checking for egrep
configure:6351: result: /usr/bin/grep -E
configure:6356: checking for fgrep
configure:6424: result: /usr/bin/grep -F
configure:6460: checking for ld used by gcc
configure:6528: result: /usr/bin/ld
configure:6535: checking if the linker (/usr/bin/ld) is GNU ld
configure:6551: result: yes
configure:6563: checking for BSD- or MS-compatible name lister (nm)
configure:6618: result: /usr/bin/nm -B
configure:6758: checking the name lister (/usr/bin/nm -B) interface
configure:6766: gcc -c -g -O2  conftest.c >&5
configure:6769: /usr/bin/nm -B "conftest.o"
configure:6772: output
0000000000000000 B some_variable
configure:6773: result: BSD nm
configure:6776: checking whether ln -s works
configure:6780: result: yes
configure:6788: checking the maximum length of command line arguments
configure:6920: result: 1572864
configure:6968: checking how to convert aarch64-unknown-linux-gnu file names to aarch64-unknown-linux-gnu format
configure:7009: result: func_convert_file_noop
configure:7016: checking how to convert aarch64-unknown-linux-gnu file names to toolchain format
configure:7037: result: func_convert_file_noop
configure:7044: checking for /usr/bin/ld option to reload object files
configure:7052: result: -r
configure:7131: checking for file
configure:7152: found /usr/bin/file
configure:7163: result: file
configure:7239: checking for objdump
configure:7260: found /usr/bin/objdump
configure:7271: result: objdump
configure:7303: checking how to recognize dependent libraries
configure:7504: result: pass_all
configure:7594: checking for dlltool
configure:7629: result: no
configure:7659: checking how to associate runtime and link libraries
configure:7687: result: printf %s\n
configure:7753: checking for ar
configure:7774: found /usr/bin/ar
configure:7785: result: ar
configure:7838: checking for archiver @FILE support
configure:7856: gcc -c -g -O2  conftest.c >&5
configure:7856: $? = 0
configure:7860: ar cr libconftest.a @conftest.lst >&5
configure:7863: $? = 0
configure:7868: ar cr libconftest.a @conftest.lst >&5
ar: conftest.o: No such file or directory
configure:7871: $? = 1
configure:7870: result: @
configure:7933: checking for strip
configure:7954: found /usr/bin/strip
configure:7965: result: strip
configure:8042: checking for ranlib
configure:8063: found /usr/bin/ranlib
configure:8074: result: ranlib
configure:8176: checking command to parse /usr/bin/nm -B output from gcc object
configure:8330: gcc -c -g -O2  conftest.c >&5
configure:8333: $? = 0
configure:8337: /usr/bin/nm -B conftest.o \| /usr/bin/sed -n -e 's/^.*[ ]\([ABCDGIRSTW][ABCDGIRSTW]*\)[ ][ ]*\([_A-Za-z][_A-Za-z0-9]*\)$/\1 \2 \2/p' | /usr/bin/sed '/ __gnu_lto/d' \> conftest.nm
configure:8340: $? = 0
configure:8406: gcc -o conftest -g -O2   conftest.c conftstm.o >&5
configure:8409: $? = 0
configure:8447: result: ok
configure:8494: checking for sysroot
configure:8525: result: no
configure:8532: checking for a working dd
configure:8576: result: /usr/bin/dd
configure:8580: checking how to truncate binary pipes
configure:8596: result: /usr/bin/dd bs=4096 count=1
configure:8933: checking for mt
configure:8968: result: no
configure:8988: checking if : is a manifest tool
configure:8995: : '-?'
configure:9003: result: no
configure:9728: checking for stdio.h
configure:9728: gcc -c -g -O2  conftest.c >&5
configure:9728: $? = 0
configure:9728: result: yes
configure:9728: checking for stdlib.h
configure:9728: gcc -c -g -O2  conftest.c >&5
configure:9728: $? = 0
configure:9728: result: yes
configure:9728: checking for string.h
configure:9728: gcc -c -g -O2  conftest.c >&5
configure:9728: $? = 0
configure:9728: result: yes
configure:9728: checking for inttypes.h
configure:9728: gcc -c -g -O2  conftest.c >&5
configure:9728: $? = 0
configure:9728: result: yes
configure:9728: checking for stdint.h
configure:9728: gcc -c -g -O2  conftest.c >&5
configure:9728: $? = 0
configure:9728: result: yes
configure:9728: checking for strings.h
configure:9728: gcc -c -g -O2  conftest.c >&5
configure:9728: $? = 0
configure:9728: result: yes
configure:9728: checking for sys/stat.h
configure:9728: gcc -c -g -O2  conftest.c >&5
configure:9728: $? = 0
configure:9728: result: yes
configure:9728: checking for sys/types.h
configure:9728: gcc -c -g -O2  conftest.c >&5
configure:9728: $? = 0
configure:9728: result: yes
configure:9728: checking for unistd.h
configure:9728: gcc -c -g -O2  conftest.c >&5
configure:9728: $? = 0
configure:9728: result: yes
configure:9753: checking for dlfcn.h
configure:9753: gcc -c -g -O2  conftest.c >&5
configure:9753: $? = 0
configure:9753: result: yes
configure:10022: checking for objdir
configure:10038: result: .libs
configure:10302: checking if gcc supports -fno-rtti -fno-exceptions
configure:10321: gcc -c -g -O2  -fno-rtti -fno-exceptions conftest.c >&5
cc1: warning: command line option '-fno-rtti' is valid for C++/D/ObjC++ but not for C
configure:10325: $? = 0
configure:10338: result: no
configure:10696: checking for gcc option to produce PIC
configure:10704: result: -fPIC -DPIC
configure:10712: checking if gcc PIC flag -fPIC -DPIC works
configure:10731: gcc -c -g -O2  -fPIC -DPIC -DPIC conftest.c >&5
configure:10735: $? = 0
configure:10748: result: yes
configure:10777: checking if gcc static flag -static works
configure:10806: result: yes
configure:10821: checking if gcc supports -c -o file.o
configure:10843: gcc -c -g -O2  -o out/conftest2.o conftest.c >&5
configure:10847: $? = 0
configure:10869: result: yes
configure:10877: checking if gcc supports -c -o file.o
configure:10925: result: yes
configure:10958: checking whether the gcc linker (/usr/bin/ld) supports shared libraries
configure:12226: result: yes
configure:12263: checking whether -lc should be explicitly linked in
configure:12272: gcc -c -g -O2  conftest.c >&5
configure:12275: $? = 0
configure:12290: gcc -shared  -fPIC -DPIC conftest.o  -v -Wl,-soname -Wl,conftest -o conftest 2\>\&1 \| /usr/bin/grep  -lc  \>/dev/null 2\>\&1
configure:12293: $? = 0
configure:12307: result: no
configure:12467: checking dynamic linker characteristics
configure:13049: gcc -o conftest -g -O2   -Wl,-rpath -Wl,/foo conftest.c  >&5
configure:13049: $? = 0
configure:13291: result: GNU/Linux ld.so
configure:13413: checking how to hardcode library paths into programs
configure:13438: result: immediate
configure:13990: checking whether stripping libraries is possible
configure:13999: result: yes
configure:14041: checking if libtool supports shared libraries
configure:14043: result: yes
configure:14046: checking whether to build shared libraries
configure:14071: result: yes
configure:14074: checking whether to build static libraries
configure:14078: result: yes
configure:10861: checking how to run the C++ preprocessor
configure:10883: g++ -std=c++11 -E  conftest.cpp
configure:10883: $? = 0
configure:10898: g++ -std=c++11 -E  conftest.cpp
conftest.cpp:27:10: fatal error: ac_nonexistent.h: No such file or directory
   27 | #include <ac_nonexistent.h>
      |          ^~~~~~~~~~~~~~~~~~
compilation terminated.
configure:10898: $? = 1
configure: failed program was:
| /* confdefs.h */
| #define PACKAGE_NAME "GeographicLib"
| #define PACKAGE_TARNAME "geographiclib"
| #define PACKAGE_VERSION "2.4"
| #define PACKAGE_STRING "GeographicLib 2.4"
| #define PACKAGE_BUGREPORT "karney@alum.mit.edu"
| #define PACKAGE_URL ""
| #define PACKAGE "geographiclib"
| #define VERSION "2.4"
| #define GEOGRAPHICLIB_VERSION_MAJOR 2
| #define GEOGRAPHICLIB_VERSION_MINOR 4
| #define GEOGRAPHICLIB_VERSION_PATCH 0
| #define HAVE_CXX11 1
| #define HAVE_STDIO_H 1
| #define HAVE_STDLIB_H 1
| #define HAVE_STRING_H 1
| #define HAVE_INTTYPES_H 1
| #define HAVE_STDINT_H 1
| #define HAVE_STRINGS_H 1
| #define HAVE_SYS_STAT_H 1
| #define HAVE_SYS_TYPES_H 1
| #define HAVE_UNISTD_H 1
| #define STDC_HEADERS 1
| #define HAVE_DLFCN_H 1
| #define LT_OBJDIR ".libs/"
| /* end confdefs.h.  */
| #include <ac_nonexistent.h>
configure:10925: result: g++ -std=c++11 -E
configure:10939: g++ -std=c++11 -E  conftest.cpp
configure:10939: $? = 0
configure:10954: g++ -std=c++11 -E  conftest.cpp
conftest.cpp:27:10: fatal error: ac_nonexistent.h: No such file or directory
   27 | #include <ac_nonexistent.h>
      |          ^~~~~~~~~~~~~~~~~~
compilation terminated.
configure:10954: $? = 1
configure: failed program was:
| /* confdefs.h */
| #define PACKAGE_NAME "GeographicLib"
| #define PACKAGE_TARNAME "geographiclib"
| #define PACKAGE_VERSION "2.4"
| #define PACKAGE_STRING "GeographicLib 2.4"
| #define PACKAGE_BUGREPORT "karney@alum.mit.edu"
| #define PACKAGE_URL ""
| #define PACKAGE "geographiclib"
| #define VERSION "2.4"
| #define GEOGRAPHICLIB_VERSION_MAJOR 2
| #define GEOGRAPHICLIB_VERSION_MINOR 4
| #define GEOGRAPHICLIB_VERSION_PATCH 0
| #define HAVE_CXX11 1
| #define HAVE_STDIO_H 1
| #define HAVE_STDLIB_H 1
| #define HAVE_STRING_H 1
| #define HAVE_INTTYPES_H 1
| #define HAVE_STDINT_H 1
| #define HAVE_STRINGS_H 1
| #define HAVE_SYS_STAT_H 1
| #define HAVE_SYS_TYPES_H 1
| #define HAVE_UNISTD_H 1
| #define STDC_HEADERS 1
| #define HAVE_DLFCN_H 1
| #define LT_OBJDIR ".libs/"
| /* end confdefs.h.  */
| #include <ac_nonexistent.h>
configure:11119: checking for ld used by g++ -std=c++11
configure:11187: result: /usr/bin/ld
configure:11194: checking if the linker (/usr/bin/ld) is GNU ld
configure:11210: result: yes
configure:11265: checking whether the g++ -std=c++11 linker (/usr/bin/ld) supports shared libraries
configure:12343: result: yes
configure:12379: g++ -std=c++11 -c -g -O2  conftest.cpp >&5
configure:12382: $? = 0
configure:12863: checking for g++ -std=c++11 option to produce PIC
configure:12871: result: -fPIC -DPIC
configure:12879: checking if g++ -std=c++11 PIC flag -fPIC -DPIC works
configure:12898: g++ -std=c++11 -c -g -O2  -fPIC -DPIC -DPIC conftest.cpp >&5
configure:12902: $? = 0
configure:12915: result: yes
configure:12938: checking if g++ -std=c++11 static flag -static works
configure:12967: result: yes
configure:12979: checking if g++ -std=c++11 supports -c -o file.o
configure:13001: g++ -std=c++11 -c -g -O2  -o out/conftest2.o conftest.cpp >&5
configure:13005: $? = 0
configure:13027: result: yes
configure:13032: checking if g++ -std=c++11 supports -c -o file.o
configure:13080: result: yes
configure:13110: checking whether the g++ -std=c++11 linker (/usr/bin/ld) supports shared libraries
configure:13150: result: yes
configure:13292: checking dynamic linker characteristics
configure:14043: result: GNU/Linux ld.so
configure:14108: checking how to hardcode library paths into programs
configure:14133: result: immediate
configure:13041: checking for long double
configure:13076: result: yes
configure:13086: checking whether byte ordering is bigendian
configure:13102: g++ -std=c++11 -c -g -O2  conftest.cpp >&5
conftest.cpp:29:9: error: expected unqualified-id before 'not' token
   29 |         not a universal capable compiler
      |         ^~~
configure:13102: $? = 1
configure: failed program was:
| /* confdefs.h */
| #define PACKAGE_NAME "GeographicLib"
| #define PACKAGE_TARNAME "geographiclib"
| #define PACKAGE_VERSION "2.4"
| #define PACKAGE_STRING "GeographicLib 2.4"
| #define PACKAGE_BUGREPORT "karney@alum.mit.edu"
| #define PACKAGE_URL ""
| #define PACKAGE "geographiclib"
| #define VERSION "2.4"
| #define GEOGRAPHICLIB_VERSION_MAJOR 2
| #define GEOGRAPHICLIB_VERSION_MINOR 4
| #define GEOGRAPHICLIB_VERSION_PATCH 0
| #define HAVE_CXX11 1
| #define HAVE_STDIO_H 1
| #define HAVE_STDLIB_H 1
| #define HAVE_STRING_H 1
| #define HAVE_INTTYPES_H 1
| #define HAVE_STDINT_H 1
| #define HAVE_STRINGS_H 1
| #define HAVE_SYS_STAT_H 1
| #define HAVE_SYS_TYPES_H 1
| #define HAVE_UNISTD_H 1
| #define STDC_HEADERS 1
| #define HAVE_DLFCN_H 1
| #define LT_OBJDIR ".libs/"
| #define HAVE_LONG_DOUBLE 1
| /* end confdefs.h.  */
| #ifndef __APPLE_CC__
| 	       not a universal capable compiler
| 	     #endif
| 	     typedef int dummy;
| 
configure:13148: g++ -std=c++11 -c -g -O2  conftest.cpp >&5
configure:13148: $? = 0
configure:13167: g++ -std=c++11 -c -g -O2  conftest.cpp >&5
conftest.cpp: In function 'int main()':
conftest.cpp:35:8: error: 'big' was not declared in this scope
   35 |    not big endian
      |        ^~~
configure:13167: $? = 1
configure: failed program was:
| /* confdefs.h */
| #define PACKAGE_NAME "GeographicLib"
| #define PACKAGE_TARNAME "geographiclib"
| #define PACKAGE_VERSION "2.4"
| #define PACKAGE_STRING "GeographicLib 2.4"
| #define PACKAGE_BUGREPORT "karney@alum.mit.edu"
| #define PACKAGE_URL ""
| #define PACKAGE "geographiclib"
| #define VERSION "2.4"
| #define GEOGRAPHICLIB_VERSION_MAJOR 2
| #define GEOGRAPHICLIB_VERSION_MINOR 4
| #define GEOGRAPHICLIB_VERSION_PATCH 0
| #define HAVE_CXX11 1
| #define HAVE_STDIO_H 1
| #define HAVE_STDLIB_H 1
| #define HAVE_STRING_H 1
| #define HAVE_INTTYPES_H 1
| #define HAVE_STDINT_H 1
| #define HAVE_STRINGS_H 1
| #define HAVE_SYS_STAT_H 1
| #define HAVE_SYS_TYPES_H 1
| #define HAVE_UNISTD_H 1
| #define STDC_HEADERS 1
| #define HAVE_DLFCN_H 1
| #define LT_OBJDIR ".libs/"
| #define HAVE_LONG_DOUBLE 1
| /* end confdefs.h.  */
| #include <sys/types.h>
| 		#include <sys/param.h>
| 
| int
| main (void)
| {
| #if BYTE_ORDER != BIG_ENDIAN
| 		 not big endian
| 		#endif
| 
|   ;
|   return 0;
| }
configure:13301: result: no
configure:13324: checking whether C++ compiler accepts -fp-model precise -diag-disable=11074,11076
configure:13344: g++ -std=c++11 -c -g -O2 -Werror -fp-model precise -diag-disable=11074,11076  conftest.cpp >&5
g++: error: precise: No such file or directory
g++: error: unrecognized command line option '-fp-model'
configure:13344: $? = 1
configure: failed program was:
| /* confdefs.h */
| #define PACKAGE_NAME "GeographicLib"
| #define PACKAGE_TARNAME "geographiclib"
| #define PACKAGE_VERSION "2.4"
| #define PACKAGE_STRING "GeographicLib 2.4"
| #define PACKAGE_BUGREPORT "karney@alum.mit.edu"
| #define PACKAGE_URL ""
| #define PACKAGE "geographiclib"
| #define VERSION "2.4"
| #define GEOGRAPHICLIB_VERSION_MAJOR 2
| #define GEOGRAPHICLIB_VERSION_MINOR 4
| #define GEOGRAPHICLIB_VERSION_PATCH 0
| #define HAVE_CXX11 1
| #define HAVE_STDIO_H 1
| #define HAVE_STDLIB_H 1
| #define HAVE_STRING_H 1
| #define HAVE_INTTYPES_H 1
| #define HAVE_STDINT_H 1
| #define HAVE_STRINGS_H 1
| #define HAVE_SYS_STAT_H 1
| #define HAVE_SYS_TYPES_H 1
| #define HAVE_UNISTD_H 1
| #define STDC_HEADERS 1
| #define HAVE_DLFCN_H 1
| #define LT_OBJDIR ".libs/"
| #define HAVE_LONG_DOUBLE 1
| /* end confdefs.h.  */
| 
| int
| main (void)
| {
| 
|   ;
|   return 0;
| }
configure:13353: result: no
configure:13368: checking for doxygen
configure:13403: result: no
configure:13483: checking for pkg-config
configure:13506: found /usr/bin/pkg-config
configure:13518: result: /usr/bin/pkg-config
configure:13543: checking pkg-config is at least version 0.9.0
configure:13546: result: yes
configure:13677: checking that generated files are newer than configure
configure:13683: result: done
configure:13719: creating ./config.status

## ---------------------- ##
## Running config.status. ##
## ---------------------- ##

This file was extended by GeographicLib config.status 2.4, which was
generated by GNU Autoconf 2.71.  Invocation command line was

  CONFIG_FILES    = 
  CONFIG_HEADERS  = 
  CONFIG_LINKS    = 
  CONFIG_COMMANDS = 
  $ ./config.status 

on ztl

config.status:1179: creating Makefile
config.status:1179: creating src/Makefile
config.status:1179: creating include/Makefile
config.status:1179: creating tools/Makefile
config.status:1179: creating doc/Makefile
config.status:1179: creating man/Makefile
config.status:1179: creating cmake/Makefile
config.status:1179: creating examples/Makefile
config.status:1179: creating tests/Makefile
config.status:1179: creating experimental/Makefile
config.status:1179: creating cmake/geographiclib.pc
config.status:1179: creating include/GeographicLib/Config-ac.h
config.status:1345: include/GeographicLib/Config-ac.h is unchanged
config.status:1393: executing depfiles commands
config.status:1470: cd src       && sed -e '/# am--include-marker/d' Makefile         | make -f - am--depfiles
make: Nothing to be done for 'am--depfiles'.
config.status:1475: $? = 0
config.status:1470: cd tools       && sed -e '/# am--include-marker/d' Makefile         | make -f - am--depfiles
make: Nothing to be done for 'am--depfiles'.
config.status:1475: $? = 0
config.status:1393: executing libtool commands

## ---------------- ##
## Cache variables. ##
## ---------------- ##

ac_cv_build=aarch64-unknown-linux-gnu
ac_cv_c_bigendian=no
ac_cv_c_compiler_gnu=yes
ac_cv_cxx_compiler_gnu=yes
ac_cv_env_CCC_set=
ac_cv_env_CCC_value=
ac_cv_env_CC_set=
ac_cv_env_CC_value=
ac_cv_env_CFLAGS_set=
ac_cv_env_CFLAGS_value=
ac_cv_env_CPPFLAGS_set=
ac_cv_env_CPPFLAGS_value=
ac_cv_env_CPP_set=
ac_cv_env_CPP_value=
ac_cv_env_CXXCPP_set=
ac_cv_env_CXXCPP_value=
ac_cv_env_CXXFLAGS_set=
ac_cv_env_CXXFLAGS_value=
ac_cv_env_CXX_set=
ac_cv_env_CXX_value=
ac_cv_env_LDFLAGS_set=
ac_cv_env_LDFLAGS_value=
ac_cv_env_LIBS_set=
ac_cv_env_LIBS_value=
ac_cv_env_LT_SYS_LIBRARY_PATH_set=
ac_cv_env_LT_SYS_LIBRARY_PATH_value=
ac_cv_env_PKG_CONFIG_LIBDIR_set=
ac_cv_env_PKG_CONFIG_LIBDIR_value=
ac_cv_env_PKG_CONFIG_PATH_set=set
ac_cv_env_PKG_CONFIG_PATH_value=:/usr/local/lib/pkgconfig
ac_cv_env_PKG_CONFIG_set=
ac_cv_env_PKG_CONFIG_value=
ac_cv_env_build_alias_set=
ac_cv_env_build_alias_value=
ac_cv_env_host_alias_set=
ac_cv_env_host_alias_value=
ac_cv_env_target_alias_set=
ac_cv_env_target_alias_value=
ac_cv_header_dlfcn_h=yes
ac_cv_header_inttypes_h=yes
ac_cv_header_stdint_h=yes
ac_cv_header_stdio_h=yes
ac_cv_header_stdlib_h=yes
ac_cv_header_string_h=yes
ac_cv_header_strings_h=yes
ac_cv_header_sys_stat_h=yes
ac_cv_header_sys_types_h=yes
ac_cv_header_unistd_h=yes
ac_cv_host=aarch64-unknown-linux-gnu
ac_cv_objext=o
ac_cv_path_EGREP='/usr/bin/grep -E'
ac_cv_path_FGREP='/usr/bin/grep -F'
ac_cv_path_GREP=/usr/bin/grep
ac_cv_path_SED=/usr/bin/sed
ac_cv_path_ac_pt_PKG_CONFIG=/usr/bin/pkg-config
ac_cv_path_install='/usr/bin/install -c'
ac_cv_path_lt_DD=/usr/bin/dd
ac_cv_path_mkdir=/usr/bin/mkdir
ac_cv_prog_AWK=mawk
ac_cv_prog_CPP='gcc -E'
ac_cv_prog_CXXCPP='g++ -std=c++11 -E'
ac_cv_prog_ac_ct_AR=ar
ac_cv_prog_ac_ct_CC=gcc
ac_cv_prog_ac_ct_CXX=g++
ac_cv_prog_ac_ct_FILECMD=file
ac_cv_prog_ac_ct_OBJDUMP=objdump
ac_cv_prog_ac_ct_RANLIB=ranlib
ac_cv_prog_ac_ct_STRIP=strip
ac_cv_prog_cc_c11=
ac_cv_prog_cc_g=yes
ac_cv_prog_cc_stdc=
ac_cv_prog_cxx_cxx11=
ac_cv_prog_cxx_g=yes
ac_cv_prog_cxx_stdcxx=
ac_cv_prog_make_make_set=yes
ac_cv_target=aarch64-unknown-linux-gnu
ac_cv_type_long_double=yes
am_cv_CC_dependencies_compiler_type=gcc3
am_cv_CXX_dependencies_compiler_type=gcc3
am_cv_make_support_nested_variables=yes
am_cv_prog_cc_c_o=yes
ax_cv_check_cxxflags__Werror__fp_model_precise__diag_disable_11074_11076=no
ax_cv_cxx_compile_cxx11__std_cpp11=yes
lt_cv_ar_at_file=@
lt_cv_archive_cmds_need_lc=no
lt_cv_deplibs_check_method=pass_all
lt_cv_file_magic_cmd='$MAGIC_CMD'
lt_cv_file_magic_test_file=
lt_cv_ld_reload_flag=-r
lt_cv_nm_interface='BSD nm'
lt_cv_objdir=.libs
lt_cv_path_LD=/usr/bin/ld
lt_cv_path_LDCXX=/usr/bin/ld
lt_cv_path_NM='/usr/bin/nm -B'
lt_cv_path_mainfest_tool=no
lt_cv_prog_compiler_c_o=yes
lt_cv_prog_compiler_c_o_CXX=yes
lt_cv_prog_compiler_pic='-fPIC -DPIC'
lt_cv_prog_compiler_pic_CXX='-fPIC -DPIC'
lt_cv_prog_compiler_pic_works=yes
lt_cv_prog_compiler_pic_works_CXX=yes
lt_cv_prog_compiler_rtti_exceptions=no
lt_cv_prog_compiler_static_works=yes
lt_cv_prog_compiler_static_works_CXX=yes
lt_cv_prog_gnu_ld=yes
lt_cv_prog_gnu_ldcxx=yes
lt_cv_sharedlib_from_linklib_cmd='printf %s\n'
lt_cv_shlibpath_overrides_runpath=yes
lt_cv_sys_global_symbol_pipe='/usr/bin/sed -n -e '\''s/^.*[	 ]\([ABCDGIRSTW][ABCDGIRSTW]*\)[	 ][	 ]*\([_A-Za-z][_A-Za-z0-9]*\)$/\1 \2 \2/p'\'' | /usr/bin/sed '\''/ __gnu_lto/d'\'''
lt_cv_sys_global_symbol_to_c_name_address='/usr/bin/sed -n -e '\''s/^: \(.*\) .*$/  {"\1", (void *) 0},/p'\'' -e '\''s/^[ABCDGIRSTW][ABCDGIRSTW]* .* \(.*\)$/  {"\1", (void *) \&\1},/p'\'''
lt_cv_sys_global_symbol_to_c_name_address_lib_prefix='/usr/bin/sed -n -e '\''s/^: \(.*\) .*$/  {"\1", (void *) 0},/p'\'' -e '\''s/^[ABCDGIRSTW][ABCDGIRSTW]* .* \(lib.*\)$/  {"\1", (void *) \&\1},/p'\'' -e '\''s/^[ABCDGIRSTW][ABCDGIRSTW]* .* \(.*\)$/  {"lib\1", (void *) \&\1},/p'\'''
lt_cv_sys_global_symbol_to_cdecl='/usr/bin/sed -n -e '\''s/^T .* \(.*\)$/extern int \1();/p'\'' -e '\''s/^[ABCDGIRSTW][ABCDGIRSTW]* .* \(.*\)$/extern char \1;/p'\'''
lt_cv_sys_global_symbol_to_import=
lt_cv_sys_max_cmd_len=1572864
lt_cv_to_host_file_cmd=func_convert_file_noop
lt_cv_to_tool_file_cmd=func_convert_file_noop
lt_cv_truncate_bin='/usr/bin/dd bs=4096 count=1'

## ----------------- ##
## Output variables. ##
## ----------------- ##

ACLOCAL='${SHELL} '\''/home/ztl/GeographicLib-2.4/missing'\'' aclocal-1.16'
AMDEPBACKSLASH='\'
AMDEP_FALSE='#'
AMDEP_TRUE=''
AMTAR='$${TAR-tar}'
AM_BACKSLASH='\'
AM_DEFAULT_V='$(AM_DEFAULT_VERBOSITY)'
AM_DEFAULT_VERBOSITY='1'
AM_V='$(V)'
AR='ar'
AUTOCONF='${SHELL} '\''/home/ztl/GeographicLib-2.4/missing'\'' autoconf'
AUTOHEADER='${SHELL} '\''/home/ztl/GeographicLib-2.4/missing'\'' autoheader'
AUTOMAKE='${SHELL} '\''/home/ztl/GeographicLib-2.4/missing'\'' automake-1.16'
AWK='mawk'
CC='gcc'
CCDEPMODE='depmode=gcc3'
CFLAGS='-g -O2'
CPP='gcc -E'
CPPFLAGS=''
CSCOPE='cscope'
CTAGS='ctags'
CXX='g++ -std=c++11'
CXXCPP='g++ -std=c++11 -E'
CXXDEPMODE='depmode=gcc3'
CXXFLAGS='-g -O2'
CYGPATH_W='echo'
DEFS='-DHAVE_CONFIG_H'
DEPDIR='.deps'
DLLTOOL='false'
DOXYGEN=''
DSYMUTIL=''
DUMPBIN=''
ECHO_C=''
ECHO_N='-n'
ECHO_T=''
EGREP='/usr/bin/grep -E'
ETAGS='etags'
EXEEXT=''
FGREP='/usr/bin/grep -F'
FILECMD='file'
GEOGRAPHICLIB_VERSION_MAJOR='2'
GEOGRAPHICLIB_VERSION_MINOR='4'
GEOGRAPHICLIB_VERSION_PATCH='0'
GREP='/usr/bin/grep'
HAVE_CXX11='1'
HAVE_DOXYGEN_FALSE=''
HAVE_DOXYGEN_TRUE='#'
INSTALL_DATA='${INSTALL} -m 644'
INSTALL_PROGRAM='${INSTALL}'
INSTALL_SCRIPT='${INSTALL}'
INSTALL_STRIP_PROGRAM='$(install_sh) -c -s'
LD='/usr/bin/ld'
LDFLAGS=''
LIBOBJS=''
LIBS=''
LIBTOOL='$(SHELL) $(top_builddir)/libtool'
LIPO=''
LN_S='ln -s'
LTLIBOBJS=''
LT_AGE='1'
LT_CURRENT='27'
LT_REVISION='0'
LT_SYS_LIBRARY_PATH=''
MAINT='#'
MAINTAINER_MODE_FALSE=''
MAINTAINER_MODE_TRUE='#'
MAKEINFO='${SHELL} '\''/home/ztl/GeographicLib-2.4/missing'\'' makeinfo'
MANIFEST_TOOL=':'
MKDIR_P='/usr/bin/mkdir -p'
NM='/usr/bin/nm -B'
NMEDIT=''
OBJDUMP='objdump'
OBJEXT='o'
OTOOL64=''
OTOOL=''
PACKAGE='geographiclib'
PACKAGE_BUGREPORT='karney@alum.mit.edu'
PACKAGE_NAME='GeographicLib'
PACKAGE_STRING='GeographicLib 2.4'
PACKAGE_TARNAME='geographiclib'
PACKAGE_URL=''
PACKAGE_VERSION='2.4'
PATH_SEPARATOR=':'
PKG_CONFIG='/usr/bin/pkg-config'
PKG_CONFIG_LIBDIR=''
PKG_CONFIG_PATH=':/usr/local/lib/pkgconfig'
RANLIB='ranlib'
SED='/usr/bin/sed'
SET_MAKE=''
SHELL='/bin/bash'
STRIP='strip'
VERSION='2.4'
ac_ct_AR='ar'
ac_ct_CC='gcc'
ac_ct_CXX='g++'
ac_ct_DUMPBIN=''
am__EXEEXT_FALSE=''
am__EXEEXT_TRUE='#'
am__fastdepCC_FALSE='#'
am__fastdepCC_TRUE=''
am__fastdepCXX_FALSE='#'
am__fastdepCXX_TRUE=''
am__include='include'
am__isrc=' -I$(srcdir)'
am__leading_dot='.'
am__nodep='_no'
am__quote=''
am__tar='$${TAR-tar} chof - "$$tardir"'
am__untar='$${TAR-tar} xf -'
bindir='${exec_prefix}/bin'
build='aarch64-unknown-linux-gnu'
build_alias=''
build_cpu='aarch64'
build_os='linux-gnu'
build_vendor='unknown'
datadir='${datarootdir}'
datarootdir='${prefix}/share'
docdir='${datarootdir}/doc/${PACKAGE_TARNAME}'
dvidir='${docdir}'
exec_prefix='${prefix}'
host='aarch64-unknown-linux-gnu'
host_alias=''
host_cpu='aarch64'
host_os='linux-gnu'
host_vendor='unknown'
htmldir='${docdir}'
includedir='${prefix}/include'
infodir='${datarootdir}/info'
install_sh='${SHELL} /home/ztl/GeographicLib-2.4/install-sh'
lib_postfix=''
libdir='${exec_prefix}/lib'
libexecdir='${exec_prefix}/libexec'
localedir='${datarootdir}/locale'
localstatedir='${prefix}/var'
mandir='${datarootdir}/man'
mkdir_p='$(MKDIR_P)'
oldincludedir='/usr/include'
pdfdir='${docdir}'
pkgconfigdir='${libdir}/pkgconfig'
prefix='/usr/local'
program_transform_name='s,x,x,'
psdir='${docdir}'
runstatedir='${localstatedir}/run'
sbindir='${exec_prefix}/sbin'
sharedstatedir='${prefix}/com'
sysconfdir='${prefix}/etc'
target='aarch64-unknown-linux-gnu'
target_alias=''
target_cpu='aarch64'
target_os='linux-gnu'
target_vendor='unknown'

## ----------- ##
## confdefs.h. ##
## ----------- ##

/* confdefs.h */
#define PACKAGE_NAME "GeographicLib"
#define PACKAGE_TARNAME "geographiclib"
#define PACKAGE_VERSION "2.4"
#define PACKAGE_STRING "GeographicLib 2.4"
#define PACKAGE_BUGREPORT "karney@alum.mit.edu"
#define PACKAGE_URL ""
#define PACKAGE "geographiclib"
#define VERSION "2.4"
#define GEOGRAPHICLIB_VERSION_MAJOR 2
#define GEOGRAPHICLIB_VERSION_MINOR 4
#define GEOGRAPHICLIB_VERSION_PATCH 0
#define HAVE_CXX11 1
#define HAVE_STDIO_H 1
#define HAVE_STDLIB_H 1
#define HAVE_STRING_H 1
#define HAVE_INTTYPES_H 1
#define HAVE_STDINT_H 1
#define HAVE_STRINGS_H 1
#define HAVE_SYS_STAT_H 1
#define HAVE_SYS_TYPES_H 1
#define HAVE_UNISTD_H 1
#define STDC_HEADERS 1
#define HAVE_DLFCN_H 1
#define LT_OBJDIR ".libs/"
#define HAVE_LONG_DOUBLE 1

configure: exit 0
