This file contains any messages produced by compilers while
running configure, to aid debugging if configure makes a mistake.

It was created by ThirdPartyMumps configure 3.0.9, which was
generated by GNU Autoconf 2.72.  Invocation command line was

  $ ./configure

## --------- ##
## Platform. ##
## --------- ##

hostname = ztl
uname -m = aarch64
uname -r = 5.10.198
uname -s = Linux
uname -v = #393 SMP Thu Jan 16 09:34:22 CST 2025

/usr/bin/uname -p = aarch64
/bin/uname -X     = unknown

/bin/arch              = aarch64
/usr/bin/arch -k       = unknown
/usr/convex/getsysinfo = unknown
/usr/bin/hostinfo      = unknown
/bin/machine           = unknown
/usr/bin/oslevel       = unknown
/bin/universe          = unknown

PATH: /usr/local/sbin/
PATH: /usr/local/bin/
PATH: /usr/sbin/
PATH: /usr/bin/
PATH: /sbin/
PATH: /bin/
PATH: /snap/bin/


## ----------- ##
## Core tests. ##
## ----------- ##

configure:2567: looking for aux files: ltmain.sh ar-lib compile missing install-sh config.guess config.sub
configure:2580:  trying ./
configure:2609:   ./ltmain.sh found
configure:2609:   ./ar-lib found
configure:2609:   ./compile found
configure:2609:   ./missing found
configure:2591:   ./install-sh found
configure:2609:   ./config.guess found
configure:2609:   ./config.sub found
configure:2735: checking build system type
configure:2751: result: aarch64-unknown-linux-gnu
configure:2881: checking host system type
configure:2896: result: aarch64-unknown-linux-gnu
configure:2924: checking whether make supports nested variables
configure:2943: result: yes
configure:2964: checking for a BSD-compatible install
configure:3038: result: /usr/bin/install -c
configure:3049: checking whether sleep supports fractional seconds
configure:3065: result: yes
configure:3068: checking filesystem timestamp resolution
configure:3203: result: 0.01
configure:3208: checking whether build environment is sane
configure:3249: result: yes
configure:3420: checking for a race-free mkdir -p
configure:3463: result: /usr/bin/mkdir -p
configure:3470: checking for gawk
configure:3506: result: no
configure:3470: checking for mawk
configure:3491: found /usr/bin/mawk
configure:3503: result: mawk
configure:3514: checking whether make sets $(MAKE)
configure:3538: result: yes
configure:3566: checking xargs -n works
configure:3582: result: yes
configure:3637: checking whether to enable maintainer-specific portions of Makefiles
configure:3648: result: no
configure:3803: checking whether make supports the include directive
configure:3818: make -f confmf.GNU && cat confinc.out
this is the am__doit target
configure:3821: $? = 0
configure:3840: result: yes (GNU style)
configure:3987: checking for gcc
configure:4008: found /usr/bin/gcc
configure:4020: result: gcc
configure:4051: checking for C compiler version
configure:4060: gcc --version >&5
gcc (Ubuntu 9.4.0-1ubuntu1~20.04.2) 9.4.0
Copyright (C) 2019 Free Software Foundation, Inc.
This is free software; see the source for copying conditions.  There is NO
warranty; not even for MERCHANTABILITY or FITNESS FOR A PARTICULAR PURPOSE.

configure:4071: $? = 0
configure:4060: gcc -v >&5
Using built-in specs.
COLLECT_GCC=gcc
COLLECT_LTO_WRAPPER=/usr/lib/gcc/aarch64-linux-gnu/9/lto-wrapper
Target: aarch64-linux-gnu
Configured with: ../src/configure -v --with-pkgversion='Ubuntu 9.4.0-1ubuntu1~20.04.2' --with-bugurl=file:///usr/share/doc/gcc-9/README.Bugs --enable-languages=c,ada,c++,go,d,fortran,objc,obj-c++,gm2 --prefix=/usr --with-gcc-major-version-only --program-suffix=-9 --program-prefix=aarch64-linux-gnu- --enable-shared --enable-linker-build-id --libexecdir=/usr/lib --without-included-gettext --enable-threads=posix --libdir=/usr/lib --enable-nls --enable-clocale=gnu --enable-libstdcxx-debug --enable-libstdcxx-time=yes --with-default-libstdcxx-abi=new --enable-gnu-unique-object --disable-libquadmath --disable-libquadmath-support --enable-plugin --enable-default-pie --with-system-zlib --with-target-system-zlib=auto --enable-objc-gc=auto --enable-multiarch --enable-fix-cortex-a53-843419 --disable-werror --enable-checking=release --build=aarch64-linux-gnu --host=aarch64-linux-gnu --target=aarch64-linux-gnu
Thread model: posix
gcc version 9.4.0 (Ubuntu 9.4.0-1ubuntu1~20.04.2) 
configure:4071: $? = 0
configure:4060: gcc -V >&5
gcc: error: unrecognized command line option '-V'
gcc: fatal error: no input files
compilation terminated.
configure:4071: $? = 1
configure:4060: gcc -qversion >&5
gcc: error: unrecognized command line option '-qversion'; did you mean '--version'?
gcc: fatal error: no input files
compilation terminated.
configure:4071: $? = 1
configure:4060: gcc -version >&5
gcc: error: unrecognized command line option '-version'
gcc: fatal error: no input files
compilation terminated.
configure:4071: $? = 1
configure:4091: checking whether the C compiler works
configure:4113: gcc -O2 -DNDEBUG    conftest.c  >&5
configure:4117: $? = 0
configure:4168: result: yes
configure:4172: checking for C compiler default output file name
configure:4174: result: a.out
configure:4180: checking for suffix of executables
configure:4187: gcc -o conftest -O2 -DNDEBUG    conftest.c  >&5
configure:4191: $? = 0
configure:4215: result: 
configure:4239: checking whether we are cross compiling
configure:4247: gcc -o conftest -O2 -DNDEBUG    conftest.c  >&5
configure:4251: $? = 0
configure:4258: ./conftest
configure:4262: $? = 0
configure:4250: result: no
configure:4256: checking for suffix of object files
configure:4279: gcc -c -O2 -DNDEBUG   conftest.c >&5
configure:4283: $? = 0
configure:4307: result: o
configure:4311: checking whether the compiler supports GNU C
configure:4331: gcc -c -O2 -DNDEBUG   conftest.c >&5
configure:4331: $? = 0
configure:4343: result: yes
configure:4354: checking whether gcc accepts -g
configure:4375: gcc -c -g  conftest.c >&5
configure:4375: $? = 0
configure:4422: result: yes
configure:4442: checking for gcc option to enable C11 features
configure:4457: gcc  -c -O2 -DNDEBUG   conftest.c >&5
configure:4457: $? = 0
configure:4476: result: none needed
configure:4600: checking whether gcc understands -c and -o together
configure:4623: gcc -c conftest.c -o conftest2.o
configure:4626: $? = 0
configure:4623: gcc -c conftest.c -o conftest2.o
configure:4626: $? = 0
configure:4639: result: yes
configure:4658: checking dependency style of gcc
configure:4771: result: gcc3
configure:4913: checking for gfortran
configure:4934: found /usr/bin/gfortran
configure:4946: result: gfortran
configure:4972: checking for Fortran compiler version
configure:4981: gfortran --version >&5
GNU Fortran (Ubuntu 9.4.0-1ubuntu1~20.04.2) 9.4.0
Copyright (C) 2019 Free Software Foundation, Inc.
This is free software; see the source for copying conditions.  There is NO
warranty; not even for MERCHANTABILITY or FITNESS FOR A PARTICULAR PURPOSE.

configure:4992: $? = 0
configure:4981: gfortran -v >&5
Using built-in specs.
COLLECT_GCC=gfortran
COLLECT_LTO_WRAPPER=/usr/lib/gcc/aarch64-linux-gnu/9/lto-wrapper
Target: aarch64-linux-gnu
Configured with: ../src/configure -v --with-pkgversion='Ubuntu 9.4.0-1ubuntu1~20.04.2' --with-bugurl=file:///usr/share/doc/gcc-9/README.Bugs --enable-languages=c,ada,c++,go,d,fortran,objc,obj-c++,gm2 --prefix=/usr --with-gcc-major-version-only --program-suffix=-9 --program-prefix=aarch64-linux-gnu- --enable-shared --enable-linker-build-id --libexecdir=/usr/lib --without-included-gettext --enable-threads=posix --libdir=/usr/lib --enable-nls --enable-clocale=gnu --enable-libstdcxx-debug --enable-libstdcxx-time=yes --with-default-libstdcxx-abi=new --enable-gnu-unique-object --disable-libquadmath --disable-libquadmath-support --enable-plugin --enable-default-pie --with-system-zlib --with-target-system-zlib=auto --enable-objc-gc=auto --enable-multiarch --enable-fix-cortex-a53-843419 --disable-werror --enable-checking=release --build=aarch64-linux-gnu --host=aarch64-linux-gnu --target=aarch64-linux-gnu
Thread model: posix
gcc version 9.4.0 (Ubuntu 9.4.0-1ubuntu1~20.04.2) 
configure:4992: $? = 0
configure:4981: gfortran -V >&5
gfortran: error: unrecognized command line option '-V'
gfortran: fatal error: no input files
compilation terminated.
configure:4992: $? = 1
configure:4981: gfortran -qversion >&5
gfortran: error: unrecognized command line option '-qversion'; did you mean '--version'?
gfortran: fatal error: no input files
compilation terminated.
configure:4992: $? = 1
configure:5001: checking whether the compiler supports GNU Fortran
configure:5015: gfortran -c -O2   conftest.F >&5
configure:5015: $? = 0
configure:5027: result: yes
configure:5035: checking whether gfortran accepts -g
configure:5047: gfortran -c -g  conftest.f >&5
configure:5047: $? = 0
configure:5058: result: yes
configure:5095: checking whether gfortran understands -c and -o together
configure:5114: gfortran -O2  -c conftest.f -o conftest2.o >&5
configure:5118: $? = 0
configure:5125: gfortran -O2  -c conftest.f -o conftest2.o >&5
configure:5129: $? = 0
configure:5138: result: yes
configure:5212: checking how to print strings
configure:5239: result: printf
configure:5260: checking for a sed that does not truncate output
configure:5332: result: /usr/bin/sed
configure:5350: checking for grep that handles long lines and -e
configure:5416: result: /usr/bin/grep
configure:5421: checking for egrep
configure:5491: result: /usr/bin/grep -E
configure:5498: checking for fgrep
configure:5568: result: /usr/bin/grep -F
configure:5605: checking for ld used by gcc
configure:5674: result: /usr/bin/ld
configure:5681: checking if the linker (/usr/bin/ld) is GNU ld
configure:5698: result: yes
configure:5710: checking for BSD- or MS-compatible name lister (nm)
configure:5766: result: /usr/bin/nm -B
configure:5908: checking the name lister (/usr/bin/nm -B) interface
configure:5916: gcc -c -O2 -DNDEBUG   conftest.c >&5
configure:5919: /usr/bin/nm -B "conftest.o"
configure:5922: output
0000000000000000 B some_variable
configure:5930: result: BSD nm
configure:5933: checking whether ln -s works
configure:5937: result: yes
configure:5945: checking the maximum length of command line arguments
configure:6078: result: 1572864
configure:6126: checking how to convert aarch64-unknown-linux-gnu file names to aarch64-unknown-linux-gnu format
configure:6168: result: func_convert_file_noop
configure:6175: checking how to convert aarch64-unknown-linux-gnu file names to toolchain format
configure:6197: result: func_convert_file_noop
configure:6204: checking for /usr/bin/ld option to reload object files
configure:6213: result: -r
configure:6246: checking for file
configure:6267: found /usr/bin/file
configure:6280: result: file
configure:6343: checking for objdump
configure:6364: found /usr/bin/objdump
configure:6376: result: objdump
configure:6405: checking how to recognize dependent libraries
configure:6614: result: pass_all
configure:6705: checking for dlltool
configure:6741: result: no
configure:6768: checking how to associate runtime and link libraries
configure:6797: result: printf %s\n
configure:6857: checking for ranlib
configure:6878: found /usr/bin/ranlib
configure:6890: result: ranlib
configure:6967: checking for ar
configure:6988: found /usr/bin/ar
configure:7000: result: ar
configure:7053: checking for archiver @FILE support
configure:7071: gcc -c -O2 -DNDEBUG   conftest.c >&5
configure:7071: $? = 0
configure:7075: ar cr libconftest.a @conftest.lst >&5
configure:7078: $? = 0
configure:7083: ar cr libconftest.a @conftest.lst >&5
ar: conftest.o: No such file or directory
configure:7086: $? = 1
configure:7099: result: @
configure:7163: checking for strip
configure:7184: found /usr/bin/strip
configure:7196: result: strip
configure:7299: checking command to parse /usr/bin/nm -B output from gcc object
configure:7453: gcc -c -O2 -DNDEBUG   conftest.c >&5
configure:7456: $? = 0
configure:7460: /usr/bin/nm -B conftest.o | /usr/bin/sed -n -e 's/^.*[	 ]\([ABCDGIRSTW][ABCDGIRSTW]*\)[	 ][	 ]*\([_A-Za-z][_A-Za-z0-9]*\)$/\1 \2 \2/p' | /usr/bin/sed '/ __gnu_lto/d' > conftest.nm
configure:7526: gcc -o conftest -O2 -DNDEBUG    conftest.c conftstm.o >&5
configure:7529: $? = 0
configure:7568: result: ok
configure:7615: checking for sysroot
configure:7649: result: no
configure:7656: checking for a working dd
configure:7701: result: /usr/bin/dd
configure:7705: checking how to truncate binary pipes
configure:7722: result: /usr/bin/dd bs=4096 count=1
configure:8062: checking for mt
configure:8098: result: no
configure:8118: checking if : is a manifest tool
configure:8125: : '-?'
configure:8134: result: no
configure:8931: checking for stdio.h
configure:8931: gcc -c -O2 -DNDEBUG   conftest.c >&5
configure:8931: $? = 0
configure:8931: result: yes
configure:8931: checking for stdlib.h
configure:8931: gcc -c -O2 -DNDEBUG   conftest.c >&5
configure:8931: $? = 0
configure:8931: result: yes
configure:8931: checking for string.h
configure:8931: gcc -c -O2 -DNDEBUG   conftest.c >&5
configure:8931: $? = 0
configure:8931: result: yes
configure:8931: checking for inttypes.h
configure:8931: gcc -c -O2 -DNDEBUG   conftest.c >&5
configure:8931: $? = 0
configure:8931: result: yes
configure:8931: checking for stdint.h
configure:8931: gcc -c -O2 -DNDEBUG   conftest.c >&5
configure:8931: $? = 0
configure:8931: result: yes
configure:8931: checking for strings.h
configure:8931: gcc -c -O2 -DNDEBUG   conftest.c >&5
configure:8931: $? = 0
configure:8931: result: yes
configure:8931: checking for sys/stat.h
configure:8931: gcc -c -O2 -DNDEBUG   conftest.c >&5
configure:8931: $? = 0
configure:8931: result: yes
configure:8931: checking for sys/types.h
configure:8931: gcc -c -O2 -DNDEBUG   conftest.c >&5
configure:8931: $? = 0
configure:8931: result: yes
configure:8931: checking for unistd.h
configure:8931: gcc -c -O2 -DNDEBUG   conftest.c >&5
configure:8931: $? = 0
configure:8931: result: yes
configure:8956: checking for dlfcn.h
configure:8956: gcc -c -O2 -DNDEBUG   conftest.c >&5
configure:8956: $? = 0
configure:8956: result: yes
configure:9092: checking the archiver (ar) interface
configure:9109: gcc -c -O2 -DNDEBUG   conftest.c >&5
configure:9109: $? = 0
configure:9112: ar cr libconftest.a conftest.o >&5
configure:9115: $? = 0
configure:9144: result: ar
configure:9792: checking for objdir
configure:9809: result: .libs
configure:10071: checking if gcc supports -fno-rtti -fno-exceptions
configure:10090: gcc -c -O2 -DNDEBUG   -fno-rtti -fno-exceptions conftest.c >&5
cc1: warning: command line option '-fno-rtti' is valid for C++/D/ObjC++ but not for C
configure:10094: $? = 0
configure:10108: result: no
configure:10481: checking for gcc option to produce PIC
configure:10490: result: -fPIC -DPIC
configure:10498: checking if gcc PIC flag -fPIC -DPIC works
configure:10517: gcc -c -O2 -DNDEBUG   -fPIC -DPIC -DPIC conftest.c >&5
configure:10521: $? = 0
configure:10535: result: yes
configure:10564: checking if gcc static flag -static works
configure:10594: result: yes
configure:10609: checking if gcc supports -c -o file.o
configure:10631: gcc -c -O2 -DNDEBUG   -o out/conftest2.o conftest.c >&5
configure:10635: $? = 0
configure:10658: result: yes
configure:10666: checking if gcc supports -c -o file.o
configure:10715: result: yes
configure:10748: checking whether the gcc linker (/usr/bin/ld) supports shared libraries
configure:12032: result: yes
configure:12069: checking whether -lc should be explicitly linked in
configure:12078: gcc -c -O2 -DNDEBUG   conftest.c >&5
configure:12081: $? = 0
configure:12096: gcc -shared  -fPIC -DPIC conftest.o  -v -Wl,-soname -Wl,conftest -o conftest 2\>\&1 \| /usr/bin/grep  -lc  \>/dev/null 2\>\&1
configure:12099: $? = 0
configure:12114: result: no
configure:12274: checking dynamic linker characteristics
configure:12893: gcc -o conftest -O2 -DNDEBUG    -Wl,-rpath -Wl,/foo conftest.c  >&5
configure:12893: $? = 0
configure:13658: result: GNU/Linux ld.so
configure:13780: checking how to hardcode library paths into programs
configure:13805: result: immediate
configure:14405: checking whether stripping libraries is possible
configure:14414: result: yes
configure:14456: checking if libtool supports shared libraries
configure:14458: result: yes
configure:14461: checking whether to build shared libraries
configure:14486: result: yes
configure:14489: checking whether to build static libraries
configure:14493: result: no
configure:14615: checking if libtool supports shared libraries
configure:14617: result: yes
configure:14620: checking whether to build shared libraries
configure:14644: result: yes
configure:14647: checking whether to build static libraries
configure:14651: result: no
configure:14685: gfortran -c -O2   conftest.f >&5
configure:14688: $? = 0
configure:15182: checking for gfortran option to produce PIC
configure:15191: result: -fPIC
configure:15199: checking if gfortran PIC flag -fPIC works
configure:15218: gfortran -c -O2  -fPIC  conftest.f >&5
configure:15222: $? = 0
configure:15236: result: yes
configure:15259: checking if gfortran static flag -static works
configure:15289: result: yes
configure:15301: checking if gfortran supports -c -o file.o
configure:15323: gfortran -c -O2  -o out/conftest2.o  conftest.f >&5
configure:15327: $? = 0
configure:15350: result: yes
configure:15355: checking if gfortran supports -c -o file.o
configure:15404: result: yes
configure:15434: checking whether the gfortran linker (/usr/bin/ld) supports shared libraries
configure:16666: result: yes
configure:16809: checking dynamic linker characteristics
configure:18113: result: GNU/Linux ld.so
configure:18178: checking how to hardcode library paths into programs
configure:18203: result: immediate
configure:18272: libtool version info: -version-number 3:0:9
configure:18294: checking how to get verbose linking output from gfortran
configure:18305: gfortran -c -O2   conftest.f >&5
configure:18305: $? = 0
configure:18324: gfortran -o conftest -O2 -v conftest.f
Using built-in specs.
Target: aarch64-linux-gnu
Thread model: posix
gcc version 9.4.0 (Ubuntu 9.4.0-1ubuntu1~20.04.2) 
 /usr/lib/gcc/aarch64-linux-gnu/9/f951 conftest.f -ffixed-form -quiet -dumpbase conftest.f -mlittle-endian -mabi=lp64 -auxbase conftest -O2 -version -fintrinsic-modules-path /usr/lib/gcc/aarch64-linux-gnu/9/finclude -fpre-include=/usr/include/finclude/math-vector-fortran.h -o /tmp/ccqOQBcJ.s
GNU Fortran (Ubuntu 9.4.0-1ubuntu1~20.04.2) version 9.4.0 (aarch64-linux-gnu)
	compiled by GNU C version 9.4.0, GMP version 6.2.0, MPFR version 4.0.2, MPC version 1.1.0, isl version isl-0.22.1-GMP

GGC heuristics: --param ggc-min-expand=100 --param ggc-min-heapsize=131072
GNU Fortran2008 (Ubuntu 9.4.0-1ubuntu1~20.04.2) version 9.4.0 (aarch64-linux-gnu)
	compiled by GNU C version 9.4.0, GMP version 6.2.0, MPFR version 4.0.2, MPC version 1.1.0, isl version isl-0.22.1-GMP

GGC heuristics: --param ggc-min-expand=100 --param ggc-min-heapsize=131072
 as -v -EL -mabi=lp64 -o /tmp/cc5qkNyJ.o /tmp/ccqOQBcJ.s
GNU assembler version 2.34 (aarch64-linux-gnu) using BFD version (GNU Binutils for Ubuntu) 2.34
Reading specs from /usr/lib/gcc/aarch64-linux-gnu/9/libgfortran.spec
rename spec lib to liborig
 /usr/lib/gcc/aarch64-linux-gnu/9/collect2 -plugin /usr/lib/gcc/aarch64-linux-gnu/9/liblto_plugin.so -plugin-opt=/usr/lib/gcc/aarch64-linux-gnu/9/lto-wrapper -plugin-opt=-fresolution=/tmp/ccUczlPI.res -plugin-opt=-pass-through=-lgcc_s -plugin-opt=-pass-through=-lgcc -plugin-opt=-pass-through=-lm -plugin-opt=-pass-through=-lgcc_s -plugin-opt=-pass-through=-lgcc -plugin-opt=-pass-through=-lc -plugin-opt=-pass-through=-lgcc_s -plugin-opt=-pass-through=-lgcc --build-id --eh-frame-hdr --hash-style=gnu --as-needed -dynamic-linker /lib/ld-linux-aarch64.so.1 -X -EL -maarch64linux --fix-cortex-a53-843419 -pie -z now -z relro -o conftest /usr/lib/gcc/aarch64-linux-gnu/9/../../../aarch64-linux-gnu/Scrt1.o /usr/lib/gcc/aarch64-linux-gnu/9/../../../aarch64-linux-gnu/crti.o /usr/lib/gcc/aarch64-linux-gnu/9/crtbeginS.o -L/usr/lib/gcc/aarch64-linux-gnu/9 -L/usr/lib/gcc/aarch64-linux-gnu/9/../../../aarch64-linux-gnu -L/usr/lib/gcc/aarch64-linux-gnu/9/../../../../lib -L/lib/aarch64-linux-gnu -L/lib/../lib -L/usr/lib/aarch64-linux-gnu -L/usr/lib/../lib -L/usr/lib/gcc/aarch64-linux-gnu/9/../../.. /tmp/cc5qkNyJ.o -lgfortran -lm -lgcc_s -lgcc -lm -lgcc_s -lgcc -lc -lgcc_s -lgcc /usr/lib/gcc/aarch64-linux-gnu/9/crtendS.o /usr/lib/gcc/aarch64-linux-gnu/9/../../../aarch64-linux-gnu/crtn.o
configure:18409: result: -v
configure:18411: checking for Fortran libraries of gfortran
configure:18435: gfortran -o conftest -O2 -v conftest.f
Using built-in specs.
Target: aarch64-linux-gnu
Thread model: posix
gcc version 9.4.0 (Ubuntu 9.4.0-1ubuntu1~20.04.2) 
 /usr/lib/gcc/aarch64-linux-gnu/9/f951 conftest.f -ffixed-form -quiet -dumpbase conftest.f -mlittle-endian -mabi=lp64 -auxbase conftest -O2 -version -fintrinsic-modules-path /usr/lib/gcc/aarch64-linux-gnu/9/finclude -fpre-include=/usr/include/finclude/math-vector-fortran.h -o /tmp/ccn9HLYR.s
GNU Fortran (Ubuntu 9.4.0-1ubuntu1~20.04.2) version 9.4.0 (aarch64-linux-gnu)
	compiled by GNU C version 9.4.0, GMP version 6.2.0, MPFR version 4.0.2, MPC version 1.1.0, isl version isl-0.22.1-GMP

GGC heuristics: --param ggc-min-expand=100 --param ggc-min-heapsize=131072
GNU Fortran2008 (Ubuntu 9.4.0-1ubuntu1~20.04.2) version 9.4.0 (aarch64-linux-gnu)
	compiled by GNU C version 9.4.0, GMP version 6.2.0, MPFR version 4.0.2, MPC version 1.1.0, isl version isl-0.22.1-GMP

GGC heuristics: --param ggc-min-expand=100 --param ggc-min-heapsize=131072
 as -v -EL -mabi=lp64 -o /tmp/ccVtdfLR.o /tmp/ccn9HLYR.s
GNU assembler version 2.34 (aarch64-linux-gnu) using BFD version (GNU Binutils for Ubuntu) 2.34
Reading specs from /usr/lib/gcc/aarch64-linux-gnu/9/libgfortran.spec
rename spec lib to liborig
 /usr/lib/gcc/aarch64-linux-gnu/9/collect2 -plugin /usr/lib/gcc/aarch64-linux-gnu/9/liblto_plugin.so -plugin-opt=/usr/lib/gcc/aarch64-linux-gnu/9/lto-wrapper -plugin-opt=-fresolution=/tmp/ccqloT0R.res -plugin-opt=-pass-through=-lgcc_s -plugin-opt=-pass-through=-lgcc -plugin-opt=-pass-through=-lm -plugin-opt=-pass-through=-lgcc_s -plugin-opt=-pass-through=-lgcc -plugin-opt=-pass-through=-lc -plugin-opt=-pass-through=-lgcc_s -plugin-opt=-pass-through=-lgcc --build-id --eh-frame-hdr --hash-style=gnu --as-needed -dynamic-linker /lib/ld-linux-aarch64.so.1 -X -EL -maarch64linux --fix-cortex-a53-843419 -pie -z now -z relro -o conftest /usr/lib/gcc/aarch64-linux-gnu/9/../../../aarch64-linux-gnu/Scrt1.o /usr/lib/gcc/aarch64-linux-gnu/9/../../../aarch64-linux-gnu/crti.o /usr/lib/gcc/aarch64-linux-gnu/9/crtbeginS.o -L/usr/lib/gcc/aarch64-linux-gnu/9 -L/usr/lib/gcc/aarch64-linux-gnu/9/../../../aarch64-linux-gnu -L/usr/lib/gcc/aarch64-linux-gnu/9/../../../../lib -L/lib/aarch64-linux-gnu -L/lib/../lib -L/usr/lib/aarch64-linux-gnu -L/usr/lib/../lib -L/usr/lib/gcc/aarch64-linux-gnu/9/../../.. /tmp/ccVtdfLR.o -lgfortran -lm -lgcc_s -lgcc -lm -lgcc_s -lgcc -lc -lgcc_s -lgcc /usr/lib/gcc/aarch64-linux-gnu/9/crtendS.o /usr/lib/gcc/aarch64-linux-gnu/9/../../../aarch64-linux-gnu/crtn.o
configure:18657: result:  -L/usr/lib/gcc/aarch64-linux-gnu/9 -L/usr/lib/gcc/aarch64-linux-gnu/9/../../../aarch64-linux-gnu -L/usr/lib/gcc/aarch64-linux-gnu/9/../../../../lib -L/lib/aarch64-linux-gnu -L/lib/../lib -L/usr/lib/aarch64-linux-gnu -L/usr/lib/../lib -L/usr/lib/gcc/aarch64-linux-gnu/9/../../.. -lgfortran -lm
configure:18673: checking for dummy main to link with Fortran libraries
configure:18708: gcc -o conftest -O2 -DNDEBUG    conftest.c   -L/usr/lib/gcc/aarch64-linux-gnu/9 -L/usr/lib/gcc/aarch64-linux-gnu/9/../../../aarch64-linux-gnu -L/usr/lib/gcc/aarch64-linux-gnu/9/../../../../lib -L/lib/aarch64-linux-gnu -L/lib/../lib -L/usr/lib/aarch64-linux-gnu -L/usr/lib/../lib -L/usr/lib/gcc/aarch64-linux-gnu/9/../../.. -lgfortran -lm >&5
configure:18708: $? = 0
configure:18757: result: none
configure:18790: checking for Fortran name-mangling scheme
configure:18804: gfortran -c -O2   conftest.f >&5
configure:18804: $? = 0
configure:18849: gcc -o conftest -O2 -DNDEBUG    conftest.c cfortran_test.o   -L/usr/lib/gcc/aarch64-linux-gnu/9 -L/usr/lib/gcc/aarch64-linux-gnu/9/../../../aarch64-linux-gnu -L/usr/lib/gcc/aarch64-linux-gnu/9/../../../../lib -L/lib/aarch64-linux-gnu -L/lib/../lib -L/usr/lib/aarch64-linux-gnu -L/usr/lib/../lib -L/usr/lib/gcc/aarch64-linux-gnu/9/../../.. -lgfortran -lm >&5
/usr/bin/ld: /tmp/ccfSGBrf.o: in function `main':
conftest.c:(.text.startup+0x8): undefined reference to `foobar'
collect2: error: ld returned 1 exit status
configure:18849: $? = 1
configure: failed program was:
| /* confdefs.h */
| #define PACKAGE_NAME "ThirdPartyMumps"
| #define PACKAGE_TARNAME "thirdpartymumps"
| #define PACKAGE_VERSION "3.0.9"
| #define PACKAGE_STRING "ThirdPartyMumps 3.0.9"
| #define PACKAGE_BUGREPORT "https://github.com/coin-or-tools/ThirdParty-Mumps/issues/new"
| #define PACKAGE_URL "https://github.com/coin-or-tools/ThirdParty-Mumps"
| #define THIRDPARTYMUMPS_VERSION "3.0.9"
| #define THIRDPARTYMUMPS_VERSION_MAJOR 3
| #define THIRDPARTYMUMPS_VERSION_MINOR 0
| #define THIRDPARTYMUMPS_VERSION_RELEASE 9
| #define HAVE_STDIO_H 1
| #define HAVE_STDLIB_H 1
| #define HAVE_STRING_H 1
| #define HAVE_INTTYPES_H 1
| #define HAVE_STDINT_H 1
| #define HAVE_STRINGS_H 1
| #define HAVE_SYS_STAT_H 1
| #define HAVE_SYS_TYPES_H 1
| #define HAVE_UNISTD_H 1
| #define STDC_HEADERS 1
| #define HAVE_DLFCN_H 1
| #define LT_OBJDIR ".libs/"
| /* end confdefs.h.  */
| 
| /* Override any GCC internal prototype to avoid an error.
|    Use char because int might match the return type of a GCC
|    builtin and then its argument prototype would still apply.
|    The 'extern "C"' is for builds by C++ compilers;
|    although this is not generally supported in C code supporting it here
|    has little cost and some practical benefit (sr 110532).  */
| #ifdef __cplusplus
| extern "C"
| #endif
| char foobar (void);
| #ifdef FC_DUMMY_MAIN
| #ifndef FC_DUMMY_MAIN_EQ_F77
| #  ifdef __cplusplus
|      extern "C"
| #  endif
|    int FC_DUMMY_MAIN() { return 1; }
| #endif
| #endif
| int
| main (void)
| {
| return foobar ();
|   ;
|   return 0;
| }
configure:18849: gcc -o conftest -O2 -DNDEBUG    conftest.c cfortran_test.o   -L/usr/lib/gcc/aarch64-linux-gnu/9 -L/usr/lib/gcc/aarch64-linux-gnu/9/../../../aarch64-linux-gnu -L/usr/lib/gcc/aarch64-linux-gnu/9/../../../../lib -L/lib/aarch64-linux-gnu -L/lib/../lib -L/usr/lib/aarch64-linux-gnu -L/usr/lib/../lib -L/usr/lib/gcc/aarch64-linux-gnu/9/../../.. -lgfortran -lm >&5
configure:18849: $? = 0
configure:18911: gcc -o conftest -O2 -DNDEBUG    conftest.c cfortran_test.o   -L/usr/lib/gcc/aarch64-linux-gnu/9 -L/usr/lib/gcc/aarch64-linux-gnu/9/../../../aarch64-linux-gnu -L/usr/lib/gcc/aarch64-linux-gnu/9/../../../../lib -L/lib/aarch64-linux-gnu -L/lib/../lib -L/usr/lib/aarch64-linux-gnu -L/usr/lib/../lib -L/usr/lib/gcc/aarch64-linux-gnu/9/../../.. -lgfortran -lm >&5
configure:18911: $? = 0
configure:18956: result: lower case, underscore, no extra underscore
configure:19102: checking for pthread.h
configure:19102: gcc -c -O2 -DNDEBUG   conftest.c >&5
configure:19102: $? = 0
configure:19102: result: yes
configure:19113: checking for pthread_create in -lpthread
configure:19150: gcc -o conftest -O2 -DNDEBUG    conftest.c -lpthread   >&5
configure:19150: $? = 0
configure:19162: result: yes
configure:19334: checking for pkgconf
configure:19370: result: no
configure:19334: checking for pkg-config
configure:19355: found /usr/bin/pkg-config
configure:19367: result: pkg-config
configure:19394: checking pkg-config is at least version 0.16.0
configure:19398: result: yes: 0.29.1
configure:19434: pkg-config path is "/usr/local/lib/pkgconfig:"
configure:19439: checking for LAPACK
configure:19627: gcc -o conftest -O2 -DNDEBUG    conftest.c -lmkl_intel_lp64 -lmkl_sequential -lmkl_core -lm  >&5
/usr/bin/ld: cannot find -lmkl_intel_lp64
/usr/bin/ld: cannot find -lmkl_sequential
/usr/bin/ld: cannot find -lmkl_core
collect2: error: ld returned 1 exit status
configure:19627: $? = 1
configure: failed program was:
| /* confdefs.h */
| #define PACKAGE_NAME "ThirdPartyMumps"
| #define PACKAGE_TARNAME "thirdpartymumps"
| #define PACKAGE_VERSION "3.0.9"
| #define PACKAGE_STRING "ThirdPartyMumps 3.0.9"
| #define PACKAGE_BUGREPORT "https://github.com/coin-or-tools/ThirdParty-Mumps/issues/new"
| #define PACKAGE_URL "https://github.com/coin-or-tools/ThirdParty-Mumps"
| #define THIRDPARTYMUMPS_VERSION "3.0.9"
| #define THIRDPARTYMUMPS_VERSION_MAJOR 3
| #define THIRDPARTYMUMPS_VERSION_MINOR 0
| #define THIRDPARTYMUMPS_VERSION_RELEASE 9
| #define HAVE_STDIO_H 1
| #define HAVE_STDLIB_H 1
| #define HAVE_STRING_H 1
| #define HAVE_INTTYPES_H 1
| #define HAVE_STDINT_H 1
| #define HAVE_STRINGS_H 1
| #define HAVE_SYS_STAT_H 1
| #define HAVE_SYS_TYPES_H 1
| #define HAVE_UNISTD_H 1
| #define STDC_HEADERS 1
| #define HAVE_DLFCN_H 1
| #define LT_OBJDIR ".libs/"
| #define FC_FUNC(name,NAME) name ## _
| #define FC_FUNC_(name,NAME) name ## _
| #define MUMPS_INTSIZE32 /**/
| /* end confdefs.h.  */
| 
| /* Override any GCC internal prototype to avoid an error.
|    Use char because int might match the return type of a GCC
|    builtin and then its argument prototype would still apply.
|    The 'extern "C"' is for builds by C++ compilers;
|    although this is not generally supported in C code supporting it here
|    has little cost and some practical benefit (sr 110532).  */
| #ifdef __cplusplus
| extern "C"
| #endif
| char dsyev_ (void);
| #ifdef FC_DUMMY_MAIN
| #ifndef FC_DUMMY_MAIN_EQ_F77
| #  ifdef __cplusplus
|      extern "C"
| #  endif
|    int FC_DUMMY_MAIN() { return 1; }
| #endif
| #endif
| int
| main (void)
| {
| return dsyev_ ();
|   ;
|   return 0;
| }
configure:19627: gcc -o conftest -O2 -DNDEBUG    conftest.c -lmkl_intel_lp64 -lmkl_sequential -lmkl_core -lm  >&5
/usr/bin/ld: cannot find -lmkl_intel_lp64
/usr/bin/ld: cannot find -lmkl_sequential
/usr/bin/ld: cannot find -lmkl_core
collect2: error: ld returned 1 exit status
configure:19627: $? = 1
configure: failed program was:
| /* confdefs.h */
| #define PACKAGE_NAME "ThirdPartyMumps"
| #define PACKAGE_TARNAME "thirdpartymumps"
| #define PACKAGE_VERSION "3.0.9"
| #define PACKAGE_STRING "ThirdPartyMumps 3.0.9"
| #define PACKAGE_BUGREPORT "https://github.com/coin-or-tools/ThirdParty-Mumps/issues/new"
| #define PACKAGE_URL "https://github.com/coin-or-tools/ThirdParty-Mumps"
| #define THIRDPARTYMUMPS_VERSION "3.0.9"
| #define THIRDPARTYMUMPS_VERSION_MAJOR 3
| #define THIRDPARTYMUMPS_VERSION_MINOR 0
| #define THIRDPARTYMUMPS_VERSION_RELEASE 9
| #define HAVE_STDIO_H 1
| #define HAVE_STDLIB_H 1
| #define HAVE_STRING_H 1
| #define HAVE_INTTYPES_H 1
| #define HAVE_STDINT_H 1
| #define HAVE_STRINGS_H 1
| #define HAVE_SYS_STAT_H 1
| #define HAVE_SYS_TYPES_H 1
| #define HAVE_UNISTD_H 1
| #define STDC_HEADERS 1
| #define HAVE_DLFCN_H 1
| #define LT_OBJDIR ".libs/"
| #define FC_FUNC(name,NAME) name ## _
| #define FC_FUNC_(name,NAME) name ## _
| #define MUMPS_INTSIZE32 /**/
| /* end confdefs.h.  */
| 
| /* Override any GCC internal prototype to avoid an error.
|    Use char because int might match the return type of a GCC
|    builtin and then its argument prototype would still apply.
|    The 'extern "C"' is for builds by C++ compilers;
|    although this is not generally supported in C code supporting it here
|    has little cost and some practical benefit (sr 110532).  */
| #ifdef __cplusplus
| extern "C"
| #endif
| char dsyev (void);
| #ifdef FC_DUMMY_MAIN
| #ifndef FC_DUMMY_MAIN_EQ_F77
| #  ifdef __cplusplus
|      extern "C"
| #  endif
|    int FC_DUMMY_MAIN() { return 1; }
| #endif
| #endif
| int
| main (void)
| {
| return dsyev ();
|   ;
|   return 0;
| }
configure:19627: gcc -o conftest -O2 -DNDEBUG    conftest.c -lmkl_intel_lp64 -lmkl_sequential -lmkl_core -lm  >&5
/usr/bin/ld: cannot find -lmkl_intel_lp64
/usr/bin/ld: cannot find -lmkl_sequential
/usr/bin/ld: cannot find -lmkl_core
collect2: error: ld returned 1 exit status
configure:19627: $? = 1
configure: failed program was:
| /* confdefs.h */
| #define PACKAGE_NAME "ThirdPartyMumps"
| #define PACKAGE_TARNAME "thirdpartymumps"
| #define PACKAGE_VERSION "3.0.9"
| #define PACKAGE_STRING "ThirdPartyMumps 3.0.9"
| #define PACKAGE_BUGREPORT "https://github.com/coin-or-tools/ThirdParty-Mumps/issues/new"
| #define PACKAGE_URL "https://github.com/coin-or-tools/ThirdParty-Mumps"
| #define THIRDPARTYMUMPS_VERSION "3.0.9"
| #define THIRDPARTYMUMPS_VERSION_MAJOR 3
| #define THIRDPARTYMUMPS_VERSION_MINOR 0
| #define THIRDPARTYMUMPS_VERSION_RELEASE 9
| #define HAVE_STDIO_H 1
| #define HAVE_STDLIB_H 1
| #define HAVE_STRING_H 1
| #define HAVE_INTTYPES_H 1
| #define HAVE_STDINT_H 1
| #define HAVE_STRINGS_H 1
| #define HAVE_SYS_STAT_H 1
| #define HAVE_SYS_TYPES_H 1
| #define HAVE_UNISTD_H 1
| #define STDC_HEADERS 1
| #define HAVE_DLFCN_H 1
| #define LT_OBJDIR ".libs/"
| #define FC_FUNC(name,NAME) name ## _
| #define FC_FUNC_(name,NAME) name ## _
| #define MUMPS_INTSIZE32 /**/
| /* end confdefs.h.  */
| 
| /* Override any GCC internal prototype to avoid an error.
|    Use char because int might match the return type of a GCC
|    builtin and then its argument prototype would still apply.
|    The 'extern "C"' is for builds by C++ compilers;
|    although this is not generally supported in C code supporting it here
|    has little cost and some practical benefit (sr 110532).  */
| #ifdef __cplusplus
| extern "C"
| #endif
| char DSYEV_ (void);
| #ifdef FC_DUMMY_MAIN
| #ifndef FC_DUMMY_MAIN_EQ_F77
| #  ifdef __cplusplus
|      extern "C"
| #  endif
|    int FC_DUMMY_MAIN() { return 1; }
| #endif
| #endif
| int
| main (void)
| {
| return DSYEV_ ();
|   ;
|   return 0;
| }
configure:19627: gcc -o conftest -O2 -DNDEBUG    conftest.c -lmkl_intel_lp64 -lmkl_sequential -lmkl_core -lm  >&5
/usr/bin/ld: cannot find -lmkl_intel_lp64
/usr/bin/ld: cannot find -lmkl_sequential
/usr/bin/ld: cannot find -lmkl_core
collect2: error: ld returned 1 exit status
configure:19627: $? = 1
configure: failed program was:
| /* confdefs.h */
| #define PACKAGE_NAME "ThirdPartyMumps"
| #define PACKAGE_TARNAME "thirdpartymumps"
| #define PACKAGE_VERSION "3.0.9"
| #define PACKAGE_STRING "ThirdPartyMumps 3.0.9"
| #define PACKAGE_BUGREPORT "https://github.com/coin-or-tools/ThirdParty-Mumps/issues/new"
| #define PACKAGE_URL "https://github.com/coin-or-tools/ThirdParty-Mumps"
| #define THIRDPARTYMUMPS_VERSION "3.0.9"
| #define THIRDPARTYMUMPS_VERSION_MAJOR 3
| #define THIRDPARTYMUMPS_VERSION_MINOR 0
| #define THIRDPARTYMUMPS_VERSION_RELEASE 9
| #define HAVE_STDIO_H 1
| #define HAVE_STDLIB_H 1
| #define HAVE_STRING_H 1
| #define HAVE_INTTYPES_H 1
| #define HAVE_STDINT_H 1
| #define HAVE_STRINGS_H 1
| #define HAVE_SYS_STAT_H 1
| #define HAVE_SYS_TYPES_H 1
| #define HAVE_UNISTD_H 1
| #define STDC_HEADERS 1
| #define HAVE_DLFCN_H 1
| #define LT_OBJDIR ".libs/"
| #define FC_FUNC(name,NAME) name ## _
| #define FC_FUNC_(name,NAME) name ## _
| #define MUMPS_INTSIZE32 /**/
| /* end confdefs.h.  */
| 
| /* Override any GCC internal prototype to avoid an error.
|    Use char because int might match the return type of a GCC
|    builtin and then its argument prototype would still apply.
|    The 'extern "C"' is for builds by C++ compilers;
|    although this is not generally supported in C code supporting it here
|    has little cost and some practical benefit (sr 110532).  */
| #ifdef __cplusplus
| extern "C"
| #endif
| char DSYEV (void);
| #ifdef FC_DUMMY_MAIN
| #ifndef FC_DUMMY_MAIN_EQ_F77
| #  ifdef __cplusplus
|      extern "C"
| #  endif
|    int FC_DUMMY_MAIN() { return 1; }
| #endif
| #endif
| int
| main (void)
| {
| return DSYEV ();
|   ;
|   return 0;
| }
configure:19627: gcc -o conftest -O2 -DNDEBUG    conftest.c -lmkl_intel_lp64 -lmkl_sequential -lmkl_core -lm  >&5
/usr/bin/ld: cannot find -lmkl_intel_lp64
/usr/bin/ld: cannot find -lmkl_sequential
/usr/bin/ld: cannot find -lmkl_core
collect2: error: ld returned 1 exit status
configure:19627: $? = 1
configure: failed program was:
| /* confdefs.h */
| #define PACKAGE_NAME "ThirdPartyMumps"
| #define PACKAGE_TARNAME "thirdpartymumps"
| #define PACKAGE_VERSION "3.0.9"
| #define PACKAGE_STRING "ThirdPartyMumps 3.0.9"
| #define PACKAGE_BUGREPORT "https://github.com/coin-or-tools/ThirdParty-Mumps/issues/new"
| #define PACKAGE_URL "https://github.com/coin-or-tools/ThirdParty-Mumps"
| #define THIRDPARTYMUMPS_VERSION "3.0.9"
| #define THIRDPARTYMUMPS_VERSION_MAJOR 3
| #define THIRDPARTYMUMPS_VERSION_MINOR 0
| #define THIRDPARTYMUMPS_VERSION_RELEASE 9
| #define HAVE_STDIO_H 1
| #define HAVE_STDLIB_H 1
| #define HAVE_STRING_H 1
| #define HAVE_INTTYPES_H 1
| #define HAVE_STDINT_H 1
| #define HAVE_STRINGS_H 1
| #define HAVE_SYS_STAT_H 1
| #define HAVE_SYS_TYPES_H 1
| #define HAVE_UNISTD_H 1
| #define STDC_HEADERS 1
| #define HAVE_DLFCN_H 1
| #define LT_OBJDIR ".libs/"
| #define FC_FUNC(name,NAME) name ## _
| #define FC_FUNC_(name,NAME) name ## _
| #define MUMPS_INTSIZE32 /**/
| /* end confdefs.h.  */
| 
| /* Override any GCC internal prototype to avoid an error.
|    Use char because int might match the return type of a GCC
|    builtin and then its argument prototype would still apply.
|    The 'extern "C"' is for builds by C++ compilers;
|    although this is not generally supported in C code supporting it here
|    has little cost and some practical benefit (sr 110532).  */
| #ifdef __cplusplus
| extern "C"
| #endif
| char dsyev__ (void);
| #ifdef FC_DUMMY_MAIN
| #ifndef FC_DUMMY_MAIN_EQ_F77
| #  ifdef __cplusplus
|      extern "C"
| #  endif
|    int FC_DUMMY_MAIN() { return 1; }
| #endif
| #endif
| int
| main (void)
| {
| return dsyev__ ();
|   ;
|   return 0;
| }
configure:19627: gcc -o conftest -O2 -DNDEBUG    conftest.c -lmkl_intel_lp64 -lmkl_sequential -lmkl_core -lm  >&5
/usr/bin/ld: cannot find -lmkl_intel_lp64
/usr/bin/ld: cannot find -lmkl_sequential
/usr/bin/ld: cannot find -lmkl_core
collect2: error: ld returned 1 exit status
configure:19627: $? = 1
configure: failed program was:
| /* confdefs.h */
| #define PACKAGE_NAME "ThirdPartyMumps"
| #define PACKAGE_TARNAME "thirdpartymumps"
| #define PACKAGE_VERSION "3.0.9"
| #define PACKAGE_STRING "ThirdPartyMumps 3.0.9"
| #define PACKAGE_BUGREPORT "https://github.com/coin-or-tools/ThirdParty-Mumps/issues/new"
| #define PACKAGE_URL "https://github.com/coin-or-tools/ThirdParty-Mumps"
| #define THIRDPARTYMUMPS_VERSION "3.0.9"
| #define THIRDPARTYMUMPS_VERSION_MAJOR 3
| #define THIRDPARTYMUMPS_VERSION_MINOR 0
| #define THIRDPARTYMUMPS_VERSION_RELEASE 9
| #define HAVE_STDIO_H 1
| #define HAVE_STDLIB_H 1
| #define HAVE_STRING_H 1
| #define HAVE_INTTYPES_H 1
| #define HAVE_STDINT_H 1
| #define HAVE_STRINGS_H 1
| #define HAVE_SYS_STAT_H 1
| #define HAVE_SYS_TYPES_H 1
| #define HAVE_UNISTD_H 1
| #define STDC_HEADERS 1
| #define HAVE_DLFCN_H 1
| #define LT_OBJDIR ".libs/"
| #define FC_FUNC(name,NAME) name ## _
| #define FC_FUNC_(name,NAME) name ## _
| #define MUMPS_INTSIZE32 /**/
| /* end confdefs.h.  */
| 
| /* Override any GCC internal prototype to avoid an error.
|    Use char because int might match the return type of a GCC
|    builtin and then its argument prototype would still apply.
|    The 'extern "C"' is for builds by C++ compilers;
|    although this is not generally supported in C code supporting it here
|    has little cost and some practical benefit (sr 110532).  */
| #ifdef __cplusplus
| extern "C"
| #endif
| char dsyev_ (void);
| #ifdef FC_DUMMY_MAIN
| #ifndef FC_DUMMY_MAIN_EQ_F77
| #  ifdef __cplusplus
|      extern "C"
| #  endif
|    int FC_DUMMY_MAIN() { return 1; }
| #endif
| #endif
| int
| main (void)
| {
| return dsyev_ ();
|   ;
|   return 0;
| }
configure:19627: gcc -o conftest -O2 -DNDEBUG    conftest.c -lmkl_intel_lp64 -lmkl_sequential -lmkl_core -lm  >&5
/usr/bin/ld: cannot find -lmkl_intel_lp64
/usr/bin/ld: cannot find -lmkl_sequential
/usr/bin/ld: cannot find -lmkl_core
collect2: error: ld returned 1 exit status
configure:19627: $? = 1
configure: failed program was:
| /* confdefs.h */
| #define PACKAGE_NAME "ThirdPartyMumps"
| #define PACKAGE_TARNAME "thirdpartymumps"
| #define PACKAGE_VERSION "3.0.9"
| #define PACKAGE_STRING "ThirdPartyMumps 3.0.9"
| #define PACKAGE_BUGREPORT "https://github.com/coin-or-tools/ThirdParty-Mumps/issues/new"
| #define PACKAGE_URL "https://github.com/coin-or-tools/ThirdParty-Mumps"
| #define THIRDPARTYMUMPS_VERSION "3.0.9"
| #define THIRDPARTYMUMPS_VERSION_MAJOR 3
| #define THIRDPARTYMUMPS_VERSION_MINOR 0
| #define THIRDPARTYMUMPS_VERSION_RELEASE 9
| #define HAVE_STDIO_H 1
| #define HAVE_STDLIB_H 1
| #define HAVE_STRING_H 1
| #define HAVE_INTTYPES_H 1
| #define HAVE_STDINT_H 1
| #define HAVE_STRINGS_H 1
| #define HAVE_SYS_STAT_H 1
| #define HAVE_SYS_TYPES_H 1
| #define HAVE_UNISTD_H 1
| #define STDC_HEADERS 1
| #define HAVE_DLFCN_H 1
| #define LT_OBJDIR ".libs/"
| #define FC_FUNC(name,NAME) name ## _
| #define FC_FUNC_(name,NAME) name ## _
| #define MUMPS_INTSIZE32 /**/
| /* end confdefs.h.  */
| 
| /* Override any GCC internal prototype to avoid an error.
|    Use char because int might match the return type of a GCC
|    builtin and then its argument prototype would still apply.
|    The 'extern "C"' is for builds by C++ compilers;
|    although this is not generally supported in C code supporting it here
|    has little cost and some practical benefit (sr 110532).  */
| #ifdef __cplusplus
| extern "C"
| #endif
| char DSYEV__ (void);
| #ifdef FC_DUMMY_MAIN
| #ifndef FC_DUMMY_MAIN_EQ_F77
| #  ifdef __cplusplus
|      extern "C"
| #  endif
|    int FC_DUMMY_MAIN() { return 1; }
| #endif
| #endif
| int
| main (void)
| {
| return DSYEV__ ();
|   ;
|   return 0;
| }
configure:19627: gcc -o conftest -O2 -DNDEBUG    conftest.c -lmkl_intel_lp64 -lmkl_sequential -lmkl_core -lm  >&5
/usr/bin/ld: cannot find -lmkl_intel_lp64
/usr/bin/ld: cannot find -lmkl_sequential
/usr/bin/ld: cannot find -lmkl_core
collect2: error: ld returned 1 exit status
configure:19627: $? = 1
configure: failed program was:
| /* confdefs.h */
| #define PACKAGE_NAME "ThirdPartyMumps"
| #define PACKAGE_TARNAME "thirdpartymumps"
| #define PACKAGE_VERSION "3.0.9"
| #define PACKAGE_STRING "ThirdPartyMumps 3.0.9"
| #define PACKAGE_BUGREPORT "https://github.com/coin-or-tools/ThirdParty-Mumps/issues/new"
| #define PACKAGE_URL "https://github.com/coin-or-tools/ThirdParty-Mumps"
| #define THIRDPARTYMUMPS_VERSION "3.0.9"
| #define THIRDPARTYMUMPS_VERSION_MAJOR 3
| #define THIRDPARTYMUMPS_VERSION_MINOR 0
| #define THIRDPARTYMUMPS_VERSION_RELEASE 9
| #define HAVE_STDIO_H 1
| #define HAVE_STDLIB_H 1
| #define HAVE_STRING_H 1
| #define HAVE_INTTYPES_H 1
| #define HAVE_STDINT_H 1
| #define HAVE_STRINGS_H 1
| #define HAVE_SYS_STAT_H 1
| #define HAVE_SYS_TYPES_H 1
| #define HAVE_UNISTD_H 1
| #define STDC_HEADERS 1
| #define HAVE_DLFCN_H 1
| #define LT_OBJDIR ".libs/"
| #define FC_FUNC(name,NAME) name ## _
| #define FC_FUNC_(name,NAME) name ## _
| #define MUMPS_INTSIZE32 /**/
| /* end confdefs.h.  */
| 
| /* Override any GCC internal prototype to avoid an error.
|    Use char because int might match the return type of a GCC
|    builtin and then its argument prototype would still apply.
|    The 'extern "C"' is for builds by C++ compilers;
|    although this is not generally supported in C code supporting it here
|    has little cost and some practical benefit (sr 110532).  */
| #ifdef __cplusplus
| extern "C"
| #endif
| char DSYEV_ (void);
| #ifdef FC_DUMMY_MAIN
| #ifndef FC_DUMMY_MAIN_EQ_F77
| #  ifdef __cplusplus
|      extern "C"
| #  endif
|    int FC_DUMMY_MAIN() { return 1; }
| #endif
| #endif
| int
| main (void)
| {
| return DSYEV_ ();
|   ;
|   return 0;
| }
configure:20105: gcc -o conftest -O2 -DNDEBUG    conftest.c -llapack  >&5
configure:20105: $? = 0
configure:20234: result: yes: generic module (lapack.pc blas.pc)
configure:20356: checking for function dgemmt_ in -llapack -lblas  
configure:20387: gcc -o conftest -O2 -DNDEBUG    conftest.c -llapack -lblas   >&5
/usr/bin/ld: /tmp/ccVW9KxS.o: in function `main':
conftest.c:(.text.startup+0x8): undefined reference to `dgemmt_'
collect2: error: ld returned 1 exit status
configure:20387: $? = 1
configure: failed program was:
| /* confdefs.h */
| #define PACKAGE_NAME "ThirdPartyMumps"
| #define PACKAGE_TARNAME "thirdpartymumps"
| #define PACKAGE_VERSION "3.0.9"
| #define PACKAGE_STRING "ThirdPartyMumps 3.0.9"
| #define PACKAGE_BUGREPORT "https://github.com/coin-or-tools/ThirdParty-Mumps/issues/new"
| #define PACKAGE_URL "https://github.com/coin-or-tools/ThirdParty-Mumps"
| #define THIRDPARTYMUMPS_VERSION "3.0.9"
| #define THIRDPARTYMUMPS_VERSION_MAJOR 3
| #define THIRDPARTYMUMPS_VERSION_MINOR 0
| #define THIRDPARTYMUMPS_VERSION_RELEASE 9
| #define HAVE_STDIO_H 1
| #define HAVE_STDLIB_H 1
| #define HAVE_STRING_H 1
| #define HAVE_INTTYPES_H 1
| #define HAVE_STDINT_H 1
| #define HAVE_STRINGS_H 1
| #define HAVE_SYS_STAT_H 1
| #define HAVE_SYS_TYPES_H 1
| #define HAVE_UNISTD_H 1
| #define STDC_HEADERS 1
| #define HAVE_DLFCN_H 1
| #define LT_OBJDIR ".libs/"
| #define FC_FUNC(name,NAME) name ## _
| #define FC_FUNC_(name,NAME) name ## _
| #define MUMPS_INTSIZE32 /**/
| #define THIRDPARTYMUMPS_HAS_LAPACK 1
| #define THIRDPARTYMUMPS_LAPACK_FUNC(name,NAME) name ## _
| #define THIRDPARTYMUMPS_LAPACK_FUNC_(name,NAME) name ## _
| /* end confdefs.h.  */
| 
| /* Override any GCC internal prototype to avoid an error.
|    Use char because int might match the return type of a GCC
|    builtin and then its argument prototype would still apply.
|    The 'extern "C"' is for builds by C++ compilers;
|    although this is not generally supported in C code supporting it here
|    has little cost and some practical benefit (sr 110532).  */
| #ifdef __cplusplus
| extern "C"
| #endif
| char dgemmt_ (void);
| #ifdef FC_DUMMY_MAIN
| #ifndef FC_DUMMY_MAIN_EQ_F77
| #  ifdef __cplusplus
|      extern "C"
| #  endif
|    int FC_DUMMY_MAIN() { return 1; }
| #endif
| #endif
| int
| main (void)
| {
| return dgemmt_ ();
|   ;
|   return 0;
| }
configure:20397: result: no
configure:20356: checking for function dgemmt in -llapack -lblas  
configure:20387: gcc -o conftest -O2 -DNDEBUG    conftest.c -llapack -lblas   >&5
/usr/bin/ld: /tmp/cc0VnqlV.o: in function `main':
conftest.c:(.text.startup+0x8): undefined reference to `dgemmt'
collect2: error: ld returned 1 exit status
configure:20387: $? = 1
configure: failed program was:
| /* confdefs.h */
| #define PACKAGE_NAME "ThirdPartyMumps"
| #define PACKAGE_TARNAME "thirdpartymumps"
| #define PACKAGE_VERSION "3.0.9"
| #define PACKAGE_STRING "ThirdPartyMumps 3.0.9"
| #define PACKAGE_BUGREPORT "https://github.com/coin-or-tools/ThirdParty-Mumps/issues/new"
| #define PACKAGE_URL "https://github.com/coin-or-tools/ThirdParty-Mumps"
| #define THIRDPARTYMUMPS_VERSION "3.0.9"
| #define THIRDPARTYMUMPS_VERSION_MAJOR 3
| #define THIRDPARTYMUMPS_VERSION_MINOR 0
| #define THIRDPARTYMUMPS_VERSION_RELEASE 9
| #define HAVE_STDIO_H 1
| #define HAVE_STDLIB_H 1
| #define HAVE_STRING_H 1
| #define HAVE_INTTYPES_H 1
| #define HAVE_STDINT_H 1
| #define HAVE_STRINGS_H 1
| #define HAVE_SYS_STAT_H 1
| #define HAVE_SYS_TYPES_H 1
| #define HAVE_UNISTD_H 1
| #define STDC_HEADERS 1
| #define HAVE_DLFCN_H 1
| #define LT_OBJDIR ".libs/"
| #define FC_FUNC(name,NAME) name ## _
| #define FC_FUNC_(name,NAME) name ## _
| #define MUMPS_INTSIZE32 /**/
| #define THIRDPARTYMUMPS_HAS_LAPACK 1
| #define THIRDPARTYMUMPS_LAPACK_FUNC(name,NAME) name ## _
| #define THIRDPARTYMUMPS_LAPACK_FUNC_(name,NAME) name ## _
| /* end confdefs.h.  */
| 
| /* Override any GCC internal prototype to avoid an error.
|    Use char because int might match the return type of a GCC
|    builtin and then its argument prototype would still apply.
|    The 'extern "C"' is for builds by C++ compilers;
|    although this is not generally supported in C code supporting it here
|    has little cost and some practical benefit (sr 110532).  */
| #ifdef __cplusplus
| extern "C"
| #endif
| char dgemmt (void);
| #ifdef FC_DUMMY_MAIN
| #ifndef FC_DUMMY_MAIN_EQ_F77
| #  ifdef __cplusplus
|      extern "C"
| #  endif
|    int FC_DUMMY_MAIN() { return 1; }
| #endif
| #endif
| int
| main (void)
| {
| return dgemmt ();
|   ;
|   return 0;
| }
configure:20397: result: no
configure:20356: checking for function DGEMMT_ in -llapack -lblas  
configure:20387: gcc -o conftest -O2 -DNDEBUG    conftest.c -llapack -lblas   >&5
/usr/bin/ld: /tmp/ccvblNn2.o: in function `main':
conftest.c:(.text.startup+0x8): undefined reference to `DGEMMT_'
collect2: error: ld returned 1 exit status
configure:20387: $? = 1
configure: failed program was:
| /* confdefs.h */
| #define PACKAGE_NAME "ThirdPartyMumps"
| #define PACKAGE_TARNAME "thirdpartymumps"
| #define PACKAGE_VERSION "3.0.9"
| #define PACKAGE_STRING "ThirdPartyMumps 3.0.9"
| #define PACKAGE_BUGREPORT "https://github.com/coin-or-tools/ThirdParty-Mumps/issues/new"
| #define PACKAGE_URL "https://github.com/coin-or-tools/ThirdParty-Mumps"
| #define THIRDPARTYMUMPS_VERSION "3.0.9"
| #define THIRDPARTYMUMPS_VERSION_MAJOR 3
| #define THIRDPARTYMUMPS_VERSION_MINOR 0
| #define THIRDPARTYMUMPS_VERSION_RELEASE 9
| #define HAVE_STDIO_H 1
| #define HAVE_STDLIB_H 1
| #define HAVE_STRING_H 1
| #define HAVE_INTTYPES_H 1
| #define HAVE_STDINT_H 1
| #define HAVE_STRINGS_H 1
| #define HAVE_SYS_STAT_H 1
| #define HAVE_SYS_TYPES_H 1
| #define HAVE_UNISTD_H 1
| #define STDC_HEADERS 1
| #define HAVE_DLFCN_H 1
| #define LT_OBJDIR ".libs/"
| #define FC_FUNC(name,NAME) name ## _
| #define FC_FUNC_(name,NAME) name ## _
| #define MUMPS_INTSIZE32 /**/
| #define THIRDPARTYMUMPS_HAS_LAPACK 1
| #define THIRDPARTYMUMPS_LAPACK_FUNC(name,NAME) name ## _
| #define THIRDPARTYMUMPS_LAPACK_FUNC_(name,NAME) name ## _
| /* end confdefs.h.  */
| 
| /* Override any GCC internal prototype to avoid an error.
|    Use char because int might match the return type of a GCC
|    builtin and then its argument prototype would still apply.
|    The 'extern "C"' is for builds by C++ compilers;
|    although this is not generally supported in C code supporting it here
|    has little cost and some practical benefit (sr 110532).  */
| #ifdef __cplusplus
| extern "C"
| #endif
| char DGEMMT_ (void);
| #ifdef FC_DUMMY_MAIN
| #ifndef FC_DUMMY_MAIN_EQ_F77
| #  ifdef __cplusplus
|      extern "C"
| #  endif
|    int FC_DUMMY_MAIN() { return 1; }
| #endif
| #endif
| int
| main (void)
| {
| return DGEMMT_ ();
|   ;
|   return 0;
| }
configure:20397: result: no
configure:20356: checking for function DGEMMT in -llapack -lblas  
configure:20387: gcc -o conftest -O2 -DNDEBUG    conftest.c -llapack -lblas   >&5
/usr/bin/ld: /tmp/ccyZoGIW.o: in function `main':
conftest.c:(.text.startup+0x8): undefined reference to `DGEMMT'
collect2: error: ld returned 1 exit status
configure:20387: $? = 1
configure: failed program was:
| /* confdefs.h */
| #define PACKAGE_NAME "ThirdPartyMumps"
| #define PACKAGE_TARNAME "thirdpartymumps"
| #define PACKAGE_VERSION "3.0.9"
| #define PACKAGE_STRING "ThirdPartyMumps 3.0.9"
| #define PACKAGE_BUGREPORT "https://github.com/coin-or-tools/ThirdParty-Mumps/issues/new"
| #define PACKAGE_URL "https://github.com/coin-or-tools/ThirdParty-Mumps"
| #define THIRDPARTYMUMPS_VERSION "3.0.9"
| #define THIRDPARTYMUMPS_VERSION_MAJOR 3
| #define THIRDPARTYMUMPS_VERSION_MINOR 0
| #define THIRDPARTYMUMPS_VERSION_RELEASE 9
| #define HAVE_STDIO_H 1
| #define HAVE_STDLIB_H 1
| #define HAVE_STRING_H 1
| #define HAVE_INTTYPES_H 1
| #define HAVE_STDINT_H 1
| #define HAVE_STRINGS_H 1
| #define HAVE_SYS_STAT_H 1
| #define HAVE_SYS_TYPES_H 1
| #define HAVE_UNISTD_H 1
| #define STDC_HEADERS 1
| #define HAVE_DLFCN_H 1
| #define LT_OBJDIR ".libs/"
| #define FC_FUNC(name,NAME) name ## _
| #define FC_FUNC_(name,NAME) name ## _
| #define MUMPS_INTSIZE32 /**/
| #define THIRDPARTYMUMPS_HAS_LAPACK 1
| #define THIRDPARTYMUMPS_LAPACK_FUNC(name,NAME) name ## _
| #define THIRDPARTYMUMPS_LAPACK_FUNC_(name,NAME) name ## _
| /* end confdefs.h.  */
| 
| /* Override any GCC internal prototype to avoid an error.
|    Use char because int might match the return type of a GCC
|    builtin and then its argument prototype would still apply.
|    The 'extern "C"' is for builds by C++ compilers;
|    although this is not generally supported in C code supporting it here
|    has little cost and some practical benefit (sr 110532).  */
| #ifdef __cplusplus
| extern "C"
| #endif
| char DGEMMT (void);
| #ifdef FC_DUMMY_MAIN
| #ifndef FC_DUMMY_MAIN_EQ_F77
| #  ifdef __cplusplus
|      extern "C"
| #  endif
|    int FC_DUMMY_MAIN() { return 1; }
| #endif
| #endif
| int
| main (void)
| {
| return DGEMMT ();
|   ;
|   return 0;
| }
configure:20397: result: no
configure:20356: checking for function dgemmt__ in -llapack -lblas  
configure:20387: gcc -o conftest -O2 -DNDEBUG    conftest.c -llapack -lblas   >&5
/usr/bin/ld: /tmp/ccgcHhR2.o: in function `main':
conftest.c:(.text.startup+0x8): undefined reference to `dgemmt__'
collect2: error: ld returned 1 exit status
configure:20387: $? = 1
configure: failed program was:
| /* confdefs.h */
| #define PACKAGE_NAME "ThirdPartyMumps"
| #define PACKAGE_TARNAME "thirdpartymumps"
| #define PACKAGE_VERSION "3.0.9"
| #define PACKAGE_STRING "ThirdPartyMumps 3.0.9"
| #define PACKAGE_BUGREPORT "https://github.com/coin-or-tools/ThirdParty-Mumps/issues/new"
| #define PACKAGE_URL "https://github.com/coin-or-tools/ThirdParty-Mumps"
| #define THIRDPARTYMUMPS_VERSION "3.0.9"
| #define THIRDPARTYMUMPS_VERSION_MAJOR 3
| #define THIRDPARTYMUMPS_VERSION_MINOR 0
| #define THIRDPARTYMUMPS_VERSION_RELEASE 9
| #define HAVE_STDIO_H 1
| #define HAVE_STDLIB_H 1
| #define HAVE_STRING_H 1
| #define HAVE_INTTYPES_H 1
| #define HAVE_STDINT_H 1
| #define HAVE_STRINGS_H 1
| #define HAVE_SYS_STAT_H 1
| #define HAVE_SYS_TYPES_H 1
| #define HAVE_UNISTD_H 1
| #define STDC_HEADERS 1
| #define HAVE_DLFCN_H 1
| #define LT_OBJDIR ".libs/"
| #define FC_FUNC(name,NAME) name ## _
| #define FC_FUNC_(name,NAME) name ## _
| #define MUMPS_INTSIZE32 /**/
| #define THIRDPARTYMUMPS_HAS_LAPACK 1
| #define THIRDPARTYMUMPS_LAPACK_FUNC(name,NAME) name ## _
| #define THIRDPARTYMUMPS_LAPACK_FUNC_(name,NAME) name ## _
| /* end confdefs.h.  */
| 
| /* Override any GCC internal prototype to avoid an error.
|    Use char because int might match the return type of a GCC
|    builtin and then its argument prototype would still apply.
|    The 'extern "C"' is for builds by C++ compilers;
|    although this is not generally supported in C code supporting it here
|    has little cost and some practical benefit (sr 110532).  */
| #ifdef __cplusplus
| extern "C"
| #endif
| char dgemmt__ (void);
| #ifdef FC_DUMMY_MAIN
| #ifndef FC_DUMMY_MAIN_EQ_F77
| #  ifdef __cplusplus
|      extern "C"
| #  endif
|    int FC_DUMMY_MAIN() { return 1; }
| #endif
| #endif
| int
| main (void)
| {
| return dgemmt__ ();
|   ;
|   return 0;
| }
configure:20397: result: no
configure:20356: checking for function dgemmt_ in -llapack -lblas  
configure:20387: gcc -o conftest -O2 -DNDEBUG    conftest.c -llapack -lblas   >&5
/usr/bin/ld: /tmp/cclYSAy3.o: in function `main':
conftest.c:(.text.startup+0x8): undefined reference to `dgemmt_'
collect2: error: ld returned 1 exit status
configure:20387: $? = 1
configure: failed program was:
| /* confdefs.h */
| #define PACKAGE_NAME "ThirdPartyMumps"
| #define PACKAGE_TARNAME "thirdpartymumps"
| #define PACKAGE_VERSION "3.0.9"
| #define PACKAGE_STRING "ThirdPartyMumps 3.0.9"
| #define PACKAGE_BUGREPORT "https://github.com/coin-or-tools/ThirdParty-Mumps/issues/new"
| #define PACKAGE_URL "https://github.com/coin-or-tools/ThirdParty-Mumps"
| #define THIRDPARTYMUMPS_VERSION "3.0.9"
| #define THIRDPARTYMUMPS_VERSION_MAJOR 3
| #define THIRDPARTYMUMPS_VERSION_MINOR 0
| #define THIRDPARTYMUMPS_VERSION_RELEASE 9
| #define HAVE_STDIO_H 1
| #define HAVE_STDLIB_H 1
| #define HAVE_STRING_H 1
| #define HAVE_INTTYPES_H 1
| #define HAVE_STDINT_H 1
| #define HAVE_STRINGS_H 1
| #define HAVE_SYS_STAT_H 1
| #define HAVE_SYS_TYPES_H 1
| #define HAVE_UNISTD_H 1
| #define STDC_HEADERS 1
| #define HAVE_DLFCN_H 1
| #define LT_OBJDIR ".libs/"
| #define FC_FUNC(name,NAME) name ## _
| #define FC_FUNC_(name,NAME) name ## _
| #define MUMPS_INTSIZE32 /**/
| #define THIRDPARTYMUMPS_HAS_LAPACK 1
| #define THIRDPARTYMUMPS_LAPACK_FUNC(name,NAME) name ## _
| #define THIRDPARTYMUMPS_LAPACK_FUNC_(name,NAME) name ## _
| /* end confdefs.h.  */
| 
| /* Override any GCC internal prototype to avoid an error.
|    Use char because int might match the return type of a GCC
|    builtin and then its argument prototype would still apply.
|    The 'extern "C"' is for builds by C++ compilers;
|    although this is not generally supported in C code supporting it here
|    has little cost and some practical benefit (sr 110532).  */
| #ifdef __cplusplus
| extern "C"
| #endif
| char dgemmt_ (void);
| #ifdef FC_DUMMY_MAIN
| #ifndef FC_DUMMY_MAIN_EQ_F77
| #  ifdef __cplusplus
|      extern "C"
| #  endif
|    int FC_DUMMY_MAIN() { return 1; }
| #endif
| #endif
| int
| main (void)
| {
| return dgemmt_ ();
|   ;
|   return 0;
| }
configure:20397: result: no
configure:20356: checking for function DGEMMT__ in -llapack -lblas  
configure:20387: gcc -o conftest -O2 -DNDEBUG    conftest.c -llapack -lblas   >&5
/usr/bin/ld: /tmp/ccB6RBZ8.o: in function `main':
conftest.c:(.text.startup+0x8): undefined reference to `DGEMMT__'
collect2: error: ld returned 1 exit status
configure:20387: $? = 1
configure: failed program was:
| /* confdefs.h */
| #define PACKAGE_NAME "ThirdPartyMumps"
| #define PACKAGE_TARNAME "thirdpartymumps"
| #define PACKAGE_VERSION "3.0.9"
| #define PACKAGE_STRING "ThirdPartyMumps 3.0.9"
| #define PACKAGE_BUGREPORT "https://github.com/coin-or-tools/ThirdParty-Mumps/issues/new"
| #define PACKAGE_URL "https://github.com/coin-or-tools/ThirdParty-Mumps"
| #define THIRDPARTYMUMPS_VERSION "3.0.9"
| #define THIRDPARTYMUMPS_VERSION_MAJOR 3
| #define THIRDPARTYMUMPS_VERSION_MINOR 0
| #define THIRDPARTYMUMPS_VERSION_RELEASE 9
| #define HAVE_STDIO_H 1
| #define HAVE_STDLIB_H 1
| #define HAVE_STRING_H 1
| #define HAVE_INTTYPES_H 1
| #define HAVE_STDINT_H 1
| #define HAVE_STRINGS_H 1
| #define HAVE_SYS_STAT_H 1
| #define HAVE_SYS_TYPES_H 1
| #define HAVE_UNISTD_H 1
| #define STDC_HEADERS 1
| #define HAVE_DLFCN_H 1
| #define LT_OBJDIR ".libs/"
| #define FC_FUNC(name,NAME) name ## _
| #define FC_FUNC_(name,NAME) name ## _
| #define MUMPS_INTSIZE32 /**/
| #define THIRDPARTYMUMPS_HAS_LAPACK 1
| #define THIRDPARTYMUMPS_LAPACK_FUNC(name,NAME) name ## _
| #define THIRDPARTYMUMPS_LAPACK_FUNC_(name,NAME) name ## _
| /* end confdefs.h.  */
| 
| /* Override any GCC internal prototype to avoid an error.
|    Use char because int might match the return type of a GCC
|    builtin and then its argument prototype would still apply.
|    The 'extern "C"' is for builds by C++ compilers;
|    although this is not generally supported in C code supporting it here
|    has little cost and some practical benefit (sr 110532).  */
| #ifdef __cplusplus
| extern "C"
| #endif
| char DGEMMT__ (void);
| #ifdef FC_DUMMY_MAIN
| #ifndef FC_DUMMY_MAIN_EQ_F77
| #  ifdef __cplusplus
|      extern "C"
| #  endif
|    int FC_DUMMY_MAIN() { return 1; }
| #endif
| #endif
| int
| main (void)
| {
| return DGEMMT__ ();
|   ;
|   return 0;
| }
configure:20397: result: no
configure:20356: checking for function DGEMMT_ in -llapack -lblas  
configure:20387: gcc -o conftest -O2 -DNDEBUG    conftest.c -llapack -lblas   >&5
/usr/bin/ld: /tmp/ccNR8fke.o: in function `main':
conftest.c:(.text.startup+0x8): undefined reference to `DGEMMT_'
collect2: error: ld returned 1 exit status
configure:20387: $? = 1
configure: failed program was:
| /* confdefs.h */
| #define PACKAGE_NAME "ThirdPartyMumps"
| #define PACKAGE_TARNAME "thirdpartymumps"
| #define PACKAGE_VERSION "3.0.9"
| #define PACKAGE_STRING "ThirdPartyMumps 3.0.9"
| #define PACKAGE_BUGREPORT "https://github.com/coin-or-tools/ThirdParty-Mumps/issues/new"
| #define PACKAGE_URL "https://github.com/coin-or-tools/ThirdParty-Mumps"
| #define THIRDPARTYMUMPS_VERSION "3.0.9"
| #define THIRDPARTYMUMPS_VERSION_MAJOR 3
| #define THIRDPARTYMUMPS_VERSION_MINOR 0
| #define THIRDPARTYMUMPS_VERSION_RELEASE 9
| #define HAVE_STDIO_H 1
| #define HAVE_STDLIB_H 1
| #define HAVE_STRING_H 1
| #define HAVE_INTTYPES_H 1
| #define HAVE_STDINT_H 1
| #define HAVE_STRINGS_H 1
| #define HAVE_SYS_STAT_H 1
| #define HAVE_SYS_TYPES_H 1
| #define HAVE_UNISTD_H 1
| #define STDC_HEADERS 1
| #define HAVE_DLFCN_H 1
| #define LT_OBJDIR ".libs/"
| #define FC_FUNC(name,NAME) name ## _
| #define FC_FUNC_(name,NAME) name ## _
| #define MUMPS_INTSIZE32 /**/
| #define THIRDPARTYMUMPS_HAS_LAPACK 1
| #define THIRDPARTYMUMPS_LAPACK_FUNC(name,NAME) name ## _
| #define THIRDPARTYMUMPS_LAPACK_FUNC_(name,NAME) name ## _
| /* end confdefs.h.  */
| 
| /* Override any GCC internal prototype to avoid an error.
|    Use char because int might match the return type of a GCC
|    builtin and then its argument prototype would still apply.
|    The 'extern "C"' is for builds by C++ compilers;
|    although this is not generally supported in C code supporting it here
|    has little cost and some practical benefit (sr 110532).  */
| #ifdef __cplusplus
| extern "C"
| #endif
| char DGEMMT_ (void);
| #ifdef FC_DUMMY_MAIN
| #ifndef FC_DUMMY_MAIN_EQ_F77
| #  ifdef __cplusplus
|      extern "C"
| #  endif
|    int FC_DUMMY_MAIN() { return 1; }
| #endif
| #endif
| int
| main (void)
| {
| return DGEMMT_ ();
|   ;
|   return 0;
| }
configure:20397: result: no
configure:20420: checking for library containing cos
configure:20464: gcc -o conftest -O2 -DNDEBUG    conftest.c  >&5
conftest.c:41:6: warning: conflicting types for built-in function 'cos'; expected 'double(double)' [-Wbuiltin-declaration-mismatch]
   41 | char cos (void);
      |      ^~~
conftest.c:1:1: note: 'cos' is declared in header '<math.h>'
    1 | /* confdefs.h */
/usr/bin/ld: /tmp/ccufhxE9.o: in function `main':
conftest.c:(.text.startup+0x8): undefined reference to `cos'
collect2: error: ld returned 1 exit status
configure:20464: $? = 1
configure: failed program was:
| /* confdefs.h */
| #define PACKAGE_NAME "ThirdPartyMumps"
| #define PACKAGE_TARNAME "thirdpartymumps"
| #define PACKAGE_VERSION "3.0.9"
| #define PACKAGE_STRING "ThirdPartyMumps 3.0.9"
| #define PACKAGE_BUGREPORT "https://github.com/coin-or-tools/ThirdParty-Mumps/issues/new"
| #define PACKAGE_URL "https://github.com/coin-or-tools/ThirdParty-Mumps"
| #define THIRDPARTYMUMPS_VERSION "3.0.9"
| #define THIRDPARTYMUMPS_VERSION_MAJOR 3
| #define THIRDPARTYMUMPS_VERSION_MINOR 0
| #define THIRDPARTYMUMPS_VERSION_RELEASE 9
| #define HAVE_STDIO_H 1
| #define HAVE_STDLIB_H 1
| #define HAVE_STRING_H 1
| #define HAVE_INTTYPES_H 1
| #define HAVE_STDINT_H 1
| #define HAVE_STRINGS_H 1
| #define HAVE_SYS_STAT_H 1
| #define HAVE_SYS_TYPES_H 1
| #define HAVE_UNISTD_H 1
| #define STDC_HEADERS 1
| #define HAVE_DLFCN_H 1
| #define LT_OBJDIR ".libs/"
| #define FC_FUNC(name,NAME) name ## _
| #define FC_FUNC_(name,NAME) name ## _
| #define MUMPS_INTSIZE32 /**/
| #define THIRDPARTYMUMPS_HAS_LAPACK 1
| #define THIRDPARTYMUMPS_LAPACK_FUNC(name,NAME) name ## _
| #define THIRDPARTYMUMPS_LAPACK_FUNC_(name,NAME) name ## _
| /* end confdefs.h.  */
| 
| /* Override any GCC internal prototype to avoid an error.
|    Use char because int might match the return type of a GCC
|    builtin and then its argument prototype would still apply.
|    The 'extern "C"' is for builds by C++ compilers;
|    although this is not generally supported in C code supporting it here
|    has little cost and some practical benefit (sr 110532).  */
| #ifdef __cplusplus
| extern "C"
| #endif
| char cos (void);
| #ifdef FC_DUMMY_MAIN
| #ifndef FC_DUMMY_MAIN_EQ_F77
| #  ifdef __cplusplus
|      extern "C"
| #  endif
|    int FC_DUMMY_MAIN() { return 1; }
| #endif
| #endif
| int
| main (void)
| {
| return cos ();
|   ;
|   return 0;
| }
configure:20464: gcc -o conftest -O2 -DNDEBUG    conftest.c -lm   >&5
conftest.c:41:6: warning: conflicting types for built-in function 'cos'; expected 'double(double)' [-Wbuiltin-declaration-mismatch]
   41 | char cos (void);
      |      ^~~
conftest.c:1:1: note: 'cos' is declared in header '<math.h>'
    1 | /* confdefs.h */
configure:20464: $? = 0
configure:20486: result: -lm
configure:20511: checking for library Metis with combined link and compile check
configure:20664: gcc -c -O2 -DNDEBUG   conftest.c >&5
configure:20664: $? = 0
configure:20725: gcc -o conftest -O2 -DNDEBUG    conftest.c -lmetis -lm  >&5
configure:20725: $? = 0
configure:20769: result: yes
configure:20824: checking whether Metis library is linkable with Fortran compiler
configure:20838: gfortran -c -O2    conftest.f >&5
configure:20838: $? = 0
configure:20840: result: yes
configure:20874: checking Metis version
configure:20902: gcc -c -O2 -DNDEBUG    conftest.c >&5
configure:20902: $? = 0
configure:20906: result: 5
configure:21022: additional C preprocessor flags: -DAdd_ -Dmetis
configure:21024: additional Fortran preprocessor flags:  -Dmetis -std=legacy
configure:21150: checking that generated files are newer than configure
configure:21156: result: done
configure:21211: creating ./config.status

## ---------------------- ##
## Running config.status. ##
## ---------------------- ##

This file was extended by ThirdPartyMumps config.status 3.0.9, which was
generated by GNU Autoconf 2.72.  Invocation command line was

  CONFIG_FILES    = 
  CONFIG_HEADERS  = 
  CONFIG_LINKS    = 
  CONFIG_COMMANDS = 
  $ ./config.status 

on ztl

config.status:1206: creating Makefile
config.status:1206: creating coinmumps.pc
config.status:1206: creating config.h
config.status:1387: config.h is unchanged
config.status:1206: creating mumps_compat.h
config.status:1387: mumps_compat.h is unchanged
config.status:1206: creating mumps_int_def.h
config.status:1387: mumps_int_def.h is unchanged
config.status:1435: executing depfiles commands
config.status:1512: cd .       && sed -e '/# am--include-marker/d' Makefile         | make -f - am--depfiles
config.status:1517: $? = 0
config.status:1435: executing libtool commands
configure:23650: Configuration of ThirdPartyMumps successful

## ---------------- ##
## Cache variables. ##
## ---------------- ##

ac_cv_build=aarch64-unknown-linux-gnu
ac_cv_c_compiler_gnu=yes
ac_cv_env_ADD_CFLAGS_set=
ac_cv_env_ADD_CFLAGS_value=
ac_cv_env_ADD_FCFLAGS_set=
ac_cv_env_ADD_FCFLAGS_value=
ac_cv_env_CC_set=
ac_cv_env_CC_value=
ac_cv_env_CFLAGS_set=
ac_cv_env_CFLAGS_value=
ac_cv_env_CPPFLAGS_set=
ac_cv_env_CPPFLAGS_value=
ac_cv_env_FCFLAGS_set=
ac_cv_env_FCFLAGS_value=
ac_cv_env_FC_set=
ac_cv_env_FC_value=
ac_cv_env_LDFLAGS_set=
ac_cv_env_LDFLAGS_value=
ac_cv_env_LIBS_set=
ac_cv_env_LIBS_value=
ac_cv_env_LT_LDFLAGS_set=
ac_cv_env_LT_LDFLAGS_value=
ac_cv_env_LT_SYS_LIBRARY_PATH_set=
ac_cv_env_LT_SYS_LIBRARY_PATH_value=
ac_cv_env_PKG_CONFIG_set=
ac_cv_env_PKG_CONFIG_value=
ac_cv_env_build_alias_set=
ac_cv_env_build_alias_value=
ac_cv_env_host_alias_set=
ac_cv_env_host_alias_value=
ac_cv_env_target_alias_set=
ac_cv_env_target_alias_value=
ac_cv_fc_compiler_gnu=yes
ac_cv_fc_dummy_main=none
ac_cv_fc_libs=' -L/usr/lib/gcc/aarch64-linux-gnu/9 -L/usr/lib/gcc/aarch64-linux-gnu/9/../../../aarch64-linux-gnu -L/usr/lib/gcc/aarch64-linux-gnu/9/../../../../lib -L/lib/aarch64-linux-gnu -L/lib/../lib -L/usr/lib/aarch64-linux-gnu -L/usr/lib/../lib -L/usr/lib/gcc/aarch64-linux-gnu/9/../../.. -lgfortran -lm'
ac_cv_fc_mangling='lower case, underscore, no extra underscore'
ac_cv_fortran_dummy_main=none
ac_cv_header_dlfcn_h=yes
ac_cv_header_inttypes_h=yes
ac_cv_header_pthread_h=yes
ac_cv_header_stdint_h=yes
ac_cv_header_stdio_h=yes
ac_cv_header_stdlib_h=yes
ac_cv_header_string_h=yes
ac_cv_header_strings_h=yes
ac_cv_header_sys_stat_h=yes
ac_cv_header_sys_types_h=yes
ac_cv_header_unistd_h=yes
ac_cv_host=aarch64-unknown-linux-gnu
ac_cv_lib_pthread_pthread_create=yes
ac_cv_objext=o
ac_cv_path_EGREP='/usr/bin/grep -E'
ac_cv_path_EGREP_TRADITIONAL='/usr/bin/grep -E'
ac_cv_path_FGREP='/usr/bin/grep -F'
ac_cv_path_GREP=/usr/bin/grep
ac_cv_path_SED=/usr/bin/sed
ac_cv_path_install='/usr/bin/install -c'
ac_cv_path_lt_DD=/usr/bin/dd
ac_cv_path_mkdir=/usr/bin/mkdir
ac_cv_prog_AWK=mawk
ac_cv_prog_FILECMD=file
ac_cv_prog_ac_ct_AR=ar
ac_cv_prog_ac_ct_CC=gcc
ac_cv_prog_ac_ct_FC=gfortran
ac_cv_prog_ac_ct_OBJDUMP=objdump
ac_cv_prog_ac_ct_PKG_CONFIG=pkg-config
ac_cv_prog_ac_ct_RANLIB=ranlib
ac_cv_prog_ac_ct_STRIP=strip
ac_cv_prog_cc_c11=
ac_cv_prog_cc_g=yes
ac_cv_prog_cc_stdc=
ac_cv_prog_fc_c_o=yes
ac_cv_prog_fc_g=yes
ac_cv_prog_fc_v=-v
ac_cv_prog_make_make_set=yes
ac_cv_search_cos=-lm
am_cv_CC_dependencies_compiler_type=gcc3
am_cv_ar_interface=ar
am_cv_filesystem_timestamp_resolution=0.01
am_cv_make_support_nested_variables=yes
am_cv_prog_cc_c_o=yes
am_cv_sleep_fractional_seconds=yes
am_cv_xargs_n_works=yes
lt_cv_ar_at_file=@
lt_cv_archive_cmds_need_lc=no
lt_cv_deplibs_check_method=pass_all
lt_cv_file_magic_cmd='$MAGIC_CMD'
lt_cv_file_magic_test_file=
lt_cv_ld_reload_flag=-r
lt_cv_nm_interface='BSD nm'
lt_cv_objdir=.libs
lt_cv_path_LD=/usr/bin/ld
lt_cv_path_NM='/usr/bin/nm -B'
lt_cv_path_manifest_tool=no
lt_cv_prog_compiler_c_o=yes
lt_cv_prog_compiler_c_o_FC=yes
lt_cv_prog_compiler_pic='-fPIC -DPIC'
lt_cv_prog_compiler_pic_FC=-fPIC
lt_cv_prog_compiler_pic_works=yes
lt_cv_prog_compiler_pic_works_FC=yes
lt_cv_prog_compiler_rtti_exceptions=no
lt_cv_prog_compiler_static_works=yes
lt_cv_prog_compiler_static_works_FC=yes
lt_cv_prog_gnu_ld=yes
lt_cv_sharedlib_from_linklib_cmd='printf %s\n'
lt_cv_shlibpath_overrides_runpath=yes
lt_cv_sys_global_symbol_pipe='/usr/bin/sed -n -e '\''s/^.*[	 ]\([ABCDGIRSTW][ABCDGIRSTW]*\)[	 ][	 ]*\([_A-Za-z][_A-Za-z0-9]*\)$/\1 \2 \2/p'\'' | /usr/bin/sed '\''/ __gnu_lto/d'\'''
lt_cv_sys_global_symbol_to_c_name_address='/usr/bin/sed -n -e '\''s/^: \(.*\) .*$/  {"\1", (void *) 0},/p'\'' -e '\''s/^[ABCDGIRSTW][ABCDGIRSTW]* .* \(.*\)$/  {"\1", (void *) \&\1},/p'\'''
lt_cv_sys_global_symbol_to_c_name_address_lib_prefix='/usr/bin/sed -n -e '\''s/^: \(.*\) .*$/  {"\1", (void *) 0},/p'\'' -e '\''s/^[ABCDGIRSTW][ABCDGIRSTW]* .* \(lib.*\)$/  {"\1", (void *) \&\1},/p'\'' -e '\''s/^[ABCDGIRSTW][ABCDGIRSTW]* .* \(.*\)$/  {"lib\1", (void *) \&\1},/p'\'''
lt_cv_sys_global_symbol_to_cdecl='/usr/bin/sed -n -e '\''s/^T .* \(.*\)$/extern int \1();/p'\'' -e '\''s/^[ABCDGIRSTW][ABCDGIRSTW]* .* \(.*\)$/extern char \1;/p'\'''
lt_cv_sys_global_symbol_to_import=
lt_cv_sys_max_cmd_len=1572864
lt_cv_to_host_file_cmd=func_convert_file_noop
lt_cv_to_tool_file_cmd=func_convert_file_noop
lt_cv_truncate_bin='/usr/bin/dd bs=4096 count=1'

## ----------------- ##
## Output variables. ##
## ----------------- ##

ACLOCAL='${SHELL} '\''/home/ztl/Ipopt/ThirdParty-Mumps-stable-3.0/missing'\'' aclocal-1.17'
ADD_CFLAGS=''
ADD_FCFLAGS=''
AMDEPBACKSLASH='\'
AMDEP_FALSE='#'
AMDEP_TRUE=''
AMTAR='$${TAR-tar}'
AM_BACKSLASH='\'
AM_DEFAULT_V='$(AM_DEFAULT_VERBOSITY)'
AM_DEFAULT_VERBOSITY='0'
AM_V='$(V)'
AR='ar'
AS='as'
AUTOCONF='${SHELL} '\''/home/ztl/Ipopt/ThirdParty-Mumps-stable-3.0/missing'\'' autoconf'
AUTOHEADER='${SHELL} '\''/home/ztl/Ipopt/ThirdParty-Mumps-stable-3.0/missing'\'' autoheader'
AUTOMAKE='${SHELL} '\''/home/ztl/Ipopt/ThirdParty-Mumps-stable-3.0/missing'\'' automake-1.17'
AWK='mawk'
CC='gcc'
CCDEPMODE='depmode=gcc3'
CFLAGS='-O2 -DNDEBUG '
COIN_HAS_LAPACK_FALSE='#'
COIN_HAS_LAPACK_TRUE=''
COIN_HAS_METIS_FALSE='#'
COIN_HAS_METIS_TRUE=''
COIN_HAS_PKGCONFIG_FALSE='#'
COIN_HAS_PKGCONFIG_TRUE=''
COIN_PKG_CONFIG_PATH='/usr/local/lib/pkgconfig:'
COIN_RELOCATABLE_FALSE=''
COIN_RELOCATABLE_TRUE='#'
COIN_STATIC_BUILD_FALSE=''
COIN_STATIC_BUILD_TRUE='#'
CPPFLAGS=''
CSCOPE='cscope'
CTAGS='ctags'
CYGPATH_W='echo'
DEFS='-DHAVE_CONFIG_H'
DEPDIR='.deps'
DLLTOOL='false'
DSYMUTIL=''
DUMPBIN=''
ECHO_C=''
ECHO_N='-n'
ECHO_T=''
EGREP='/usr/bin/grep -E'
ETAGS='etags'
EXEEXT=''
FC='gfortran'
FCFLAGS='-O2  '
FCLIBS=' -L/usr/lib/gcc/aarch64-linux-gnu/9 -L/usr/lib/gcc/aarch64-linux-gnu/9/../../../aarch64-linux-gnu -L/usr/lib/gcc/aarch64-linux-gnu/9/../../../../lib -L/lib/aarch64-linux-gnu -L/lib/../lib -L/usr/lib/aarch64-linux-gnu -L/usr/lib/../lib -L/usr/lib/gcc/aarch64-linux-gnu/9/../../.. -lgfortran -lm'
FGREP='/usr/bin/grep -F'
FILECMD='file'
GREP='/usr/bin/grep'
INSTALL_DATA='${INSTALL} -m 644'
INSTALL_PROGRAM='${INSTALL}'
INSTALL_SCRIPT='${INSTALL}'
INSTALL_STRIP_PROGRAM='$(install_sh) -c -s'
LD='/usr/bin/ld'
LDFLAGS=''
LIBOBJS=''
LIBS=''
LIBTOOL='$(SHELL) $(top_builddir)/libtool'
LIPO=''
LN_S='ln -s'
LTLIBOBJS=''
LT_LDFLAGS=' -version-number 3:0:9 -no-undefined'
LT_SYS_LIBRARY_PATH=''
MAINT='#'
MAINTAINER_MODE_FALSE=''
MAINTAINER_MODE_TRUE='#'
MAKEINFO='${SHELL} '\''/home/ztl/Ipopt/ThirdParty-Mumps-stable-3.0/missing'\'' makeinfo'
MANIFEST_TOOL=':'
METISCHECK_LFLAGS='-lm '
MKDIR_P='/usr/bin/mkdir -p'
MUMPS_CFLAGS='   -DMUMPS_BUILD'
MUMPS_CFLAGS_NOPC=' '
MUMPS_DOUBLE_FALSE='#'
MUMPS_DOUBLE_TRUE=''
MUMPS_LFLAGS='-llapack -lblas -lmetis -lm     -L/usr/lib/gcc/aarch64-linux-gnu/9 -L/usr/lib/gcc/aarch64-linux-gnu/9/../../../aarch64-linux-gnu -L/usr/lib/gcc/aarch64-linux-gnu/9/../../../../lib -L/lib/aarch64-linux-gnu -L/lib/../lib -L/usr/lib/aarch64-linux-gnu -L/usr/lib/../lib -L/usr/lib/gcc/aarch64-linux-gnu/9/../../.. -lgfortran -lm -lpthread '
MUMPS_LFLAGS_NOPC='-lmetis -lm     -L/usr/lib/gcc/aarch64-linux-gnu/9 -L/usr/lib/gcc/aarch64-linux-gnu/9/../../../aarch64-linux-gnu -L/usr/lib/gcc/aarch64-linux-gnu/9/../../../../lib -L/lib/aarch64-linux-gnu -L/lib/../lib -L/usr/lib/aarch64-linux-gnu -L/usr/lib/../lib -L/usr/lib/gcc/aarch64-linux-gnu/9/../../.. -lgfortran -lm -lpthread '
MUMPS_PCFILES='lapack blas '
MUMPS_SINGLE_FALSE=''
MUMPS_SINGLE_TRUE='#'
MY_DEFS='-DAdd_ -Dmetis'
MY_FDEFS=' -Dmetis -std=legacy'
NM='/usr/bin/nm -B'
NMEDIT=''
OBJDUMP='objdump'
OBJEXT='o'
OPENMP_FCFLAGS=''
OTOOL64=''
OTOOL=''
PACKAGE='thirdpartymumps'
PACKAGE_BUGREPORT='https://github.com/coin-or-tools/ThirdParty-Mumps/issues/new'
PACKAGE_NAME='ThirdPartyMumps'
PACKAGE_STRING='ThirdPartyMumps 3.0.9'
PACKAGE_TARNAME='thirdpartymumps'
PACKAGE_URL='https://github.com/coin-or-tools/ThirdParty-Mumps'
PACKAGE_VERSION='3.0.9'
PATH_SEPARATOR=':'
PKG_CONFIG='pkg-config'
RANLIB='ranlib'
SED='/usr/bin/sed'
SET_MAKE=''
SHELL='/bin/bash'
STRIP='strip'
VERSION='3.0.9'
ac_ct_AR='ar'
ac_ct_CC='gcc'
ac_ct_DUMPBIN=''
ac_ct_FC='gfortran'
ac_ct_PKG_CONFIG='pkg-config'
am__EXEEXT_FALSE=''
am__EXEEXT_TRUE='#'
am__fastdepCC_FALSE='#'
am__fastdepCC_TRUE=''
am__include='include'
am__isrc=''
am__leading_dot='.'
am__nodep='_no'
am__quote=''
am__rm_f_notfound=''
am__tar='$${TAR-tar} chof - "$$tardir"'
am__untar='$${TAR-tar} xf -'
am__xargs_n='xargs -n'
bindir='${exec_prefix}/bin'
build='aarch64-unknown-linux-gnu'
build_alias=''
build_cpu='aarch64'
build_os='linux-gnu'
build_vendor='unknown'
datadir='${datarootdir}'
datarootdir='${prefix}/share'
docdir='${datarootdir}/doc/${PACKAGE_TARNAME}'
dvidir='${docdir}'
exec_prefix='${prefix}'
host='aarch64-unknown-linux-gnu'
host_alias=''
host_cpu='aarch64'
host_os='linux-gnu'
host_vendor='unknown'
htmldir='${docdir}'
includedir='${prefix}/include'
infodir='${datarootdir}/info'
install_sh='${SHELL} /home/ztl/Ipopt/ThirdParty-Mumps-stable-3.0/install-sh'
libdir='${exec_prefix}/lib'
libexecdir='${exec_prefix}/libexec'
localedir='${datarootdir}/locale'
localstatedir='${prefix}/var'
mandir='${datarootdir}/man'
mkdir_p='$(MKDIR_P)'
oldincludedir='/usr/include'
pdfdir='${docdir}'
prefix='/usr/local'
program_transform_name='s,x,x,'
psdir='${docdir}'
runstatedir='${localstatedir}/run'
sbindir='${exec_prefix}/sbin'
sharedstatedir='${prefix}/com'
sysconfdir='${prefix}/etc'
target_alias=''

## ----------- ##
## confdefs.h. ##
## ----------- ##

/* confdefs.h */
#define PACKAGE_NAME "ThirdPartyMumps"
#define PACKAGE_TARNAME "thirdpartymumps"
#define PACKAGE_VERSION "3.0.9"
#define PACKAGE_STRING "ThirdPartyMumps 3.0.9"
#define PACKAGE_BUGREPORT "https://github.com/coin-or-tools/ThirdParty-Mumps/issues/new"
#define PACKAGE_URL "https://github.com/coin-or-tools/ThirdParty-Mumps"
#define THIRDPARTYMUMPS_VERSION "3.0.9"
#define THIRDPARTYMUMPS_VERSION_MAJOR 3
#define THIRDPARTYMUMPS_VERSION_MINOR 0
#define THIRDPARTYMUMPS_VERSION_RELEASE 9
#define HAVE_STDIO_H 1
#define HAVE_STDLIB_H 1
#define HAVE_STRING_H 1
#define HAVE_INTTYPES_H 1
#define HAVE_STDINT_H 1
#define HAVE_STRINGS_H 1
#define HAVE_SYS_STAT_H 1
#define HAVE_SYS_TYPES_H 1
#define HAVE_UNISTD_H 1
#define STDC_HEADERS 1
#define HAVE_DLFCN_H 1
#define LT_OBJDIR ".libs/"
#define FC_FUNC(name,NAME) name ## _
#define FC_FUNC_(name,NAME) name ## _
#define MUMPS_INTSIZE32 /**/
#define THIRDPARTYMUMPS_HAS_LAPACK 1
#define THIRDPARTYMUMPS_LAPACK_FUNC(name,NAME) name ## _
#define THIRDPARTYMUMPS_LAPACK_FUNC_(name,NAME) name ## _
#define THIRDPARTYMUMPS_HAS_METIS 1
#define MUMPS_EXPORT 
#define MUMPS_CALL 

configure: exit 0
